<?xml version="1.0" encoding="UTF-8"?>
<testsuite xmlns:xsi="http://www.w3.org/2001/XMLSchema-instance" xsi:noNamespaceSchemaLocation="https://maven.apache.org/surefire/maven-surefire-plugin/xsd/surefire-test-report-3.0.xsd" version="3.0" name="tokoibuelin.storesystem.StoreSystemApplicationTests" time="8.108" tests="1" errors="0" skipped="0" failures="0">
  <properties>
[...]
</properties>
  <testcase name="contextLoads" classname="tokoibuelin.storesystem.StoreSystemApplicationTests" time="1.547">
    <system-out><![CDATA[18:50:39.360 [main] INFO org.springframework.test.context.support.AnnotationConfigContextLoaderUtils -- Could not detect default configuration classes for test class [tokoibuelin.storesystem.StoreSystemApplicationTests]: StoreSystemApplicationTests does not declare any static, non-private, non-final, nested classes annotated with @Configuration.
18:50:39.549 [main] INFO org.springframework.boot.test.context.SpringBootTestContextBootstrapper -- Found @SpringBootConfiguration tokoibuelin.storesystem.StoreSystemApplication for test class tokoibuelin.storesystem.StoreSystemApplicationTests
18:50:39.862 [main] INFO org.springframework.boot.devtools.restart.RestartApplicationListener -- Restart disabled due to context in which it is running

  .   ____          _            __ _ _
 /\\ / ___'_ __ _ _(_)_ __  __ _ \ \ \ \
( ( )\___ | '_ | '_| | '_ \/ _` | \ \ \ \
 \\/  ___)| |_)| | | | | || (_| |  ) ) ) )
  '  |____| .__|_| |_|_| |_\__, | / / / /
 =========|_|==============|___/=/_/_/_/

 :: Spring Boot ::                (v3.3.1)

2025-07-21T18:50:40.370+07:00  WARN 19904 --- [store-system] [           main] ory$DuplicateJsonObjectContextCustomizer : 

Found multiple occurrences of org.json.JSONObject on the class path:

	jar:file:/C:/Users/HP/.m2/repository/com/vaadin/external/google/android-json/0.0.20131108.vaadin1/android-json-0.0.20131108.vaadin1.jar!/org/json/JSONObject.class
	jar:file:/C:/Users/HP/.m2/repository/org/json/json/20190722/json-20190722.jar!/org/json/JSONObject.class

You may wish to exclude one of them to ensure predictable runtime behavior

2025-07-21T18:50:40.407+07:00  INFO 19904 --- [store-system] [           main] t.s.StoreSystemApplicationTests          : Starting StoreSystemApplicationTests using Java 21.0.1 with PID 19904 (started by HP in D:\College\TA\PROJECT\backend)
2025-07-21T18:50:40.409+07:00  INFO 19904 --- [store-system] [           main] t.s.StoreSystemApplicationTests          : No active profile set, falling back to 1 default profile: "default"
2025-07-21T18:50:40.409+07:00 DEBUG 19904 --- [store-system] [           main] o.s.boot.SpringApplication               : Loading source class tokoibuelin.storesystem.StoreSystemApplication
2025-07-21T18:50:40.929+07:00 DEBUG 19904 --- [store-system] [           main] o.s.w.c.s.GenericWebApplicationContext   : Refreshing org.springframework.web.context.support.GenericWebApplicationContext@71ea1fda
2025-07-21T18:50:40.984+07:00 DEBUG 19904 --- [store-system] [           main] o.s.b.f.s.DefaultListableBeanFactory     : Creating shared instance of singleton bean 'org.springframework.context.annotation.internalConfigurationAnnotationProcessor'
2025-07-21T18:50:41.015+07:00 DEBUG 19904 --- [store-system] [           main] o.s.b.f.s.DefaultListableBeanFactory     : Creating shared instance of singleton bean 'org.springframework.boot.autoconfigure.internalCachingMetadataReaderFactory'
2025-07-21T18:50:41.083+07:00 DEBUG 19904 --- [store-system] [           main] o.s.c.a.ClassPathBeanDefinitionScanner   : Identified candidate component class: file [D:\College\TA\PROJECT\backend\target\classes\tokoibuelin\storesystem\config\AppConfig.class]
2025-07-21T18:50:41.085+07:00 DEBUG 19904 --- [store-system] [           main] o.s.c.a.ClassPathBeanDefinitionScanner   : Identified candidate component class: file [D:\College\TA\PROJECT\backend\target\classes\tokoibuelin\storesystem\config\CloudinaryConfig.class]
2025-07-21T18:50:41.086+07:00 DEBUG 19904 --- [store-system] [           main] o.s.c.a.ClassPathBeanDefinitionScanner   : Identified candidate component class: file [D:\College\TA\PROJECT\backend\target\classes\tokoibuelin\storesystem\config\MidtransConfig.class]
2025-07-21T18:50:41.088+07:00 DEBUG 19904 --- [store-system] [           main] o.s.c.a.ClassPathBeanDefinitionScanner   : Identified candidate component class: file [D:\College\TA\PROJECT\backend\target\classes\tokoibuelin\storesystem\config\SpringWebConfig.class]
2025-07-21T18:50:41.088+07:00 DEBUG 19904 --- [store-system] [           main] o.s.c.a.ClassPathBeanDefinitionScanner   : Identified candidate component class: file [D:\College\TA\PROJECT\backend\target\classes\tokoibuelin\storesystem\config\WebConfig.class]
2025-07-21T18:50:41.118+07:00 DEBUG 19904 --- [store-system] [           main] o.s.c.a.ClassPathBeanDefinitionScanner   : Identified candidate component class: file [D:\College\TA\PROJECT\backend\target\classes\tokoibuelin\storesystem\controller\AddressController.class]
2025-07-21T18:50:41.120+07:00 DEBUG 19904 --- [store-system] [           main] o.s.c.a.ClassPathBeanDefinitionScanner   : Identified candidate component class: file [D:\College\TA\PROJECT\backend\target\classes\tokoibuelin\storesystem\controller\AuthController.class]
2025-07-21T18:50:41.120+07:00 DEBUG 19904 --- [store-system] [           main] o.s.c.a.ClassPathBeanDefinitionScanner   : Identified candidate component class: file [D:\College\TA\PROJECT\backend\target\classes\tokoibuelin\storesystem\controller\CategoryController.class]
2025-07-21T18:50:41.122+07:00 DEBUG 19904 --- [store-system] [           main] o.s.c.a.ClassPathBeanDefinitionScanner   : Identified candidate component class: file [D:\College\TA\PROJECT\backend\target\classes\tokoibuelin\storesystem\controller\ConsignmentController.class]
2025-07-21T18:50:41.122+07:00 DEBUG 19904 --- [store-system] [           main] o.s.c.a.ClassPathBeanDefinitionScanner   : Identified candidate component class: file [D:\College\TA\PROJECT\backend\target\classes\tokoibuelin\storesystem\controller\CustomerController.class]
2025-07-21T18:50:41.124+07:00 DEBUG 19904 --- [store-system] [           main] o.s.c.a.ClassPathBeanDefinitionScanner   : Identified candidate component class: file [D:\College\TA\PROJECT\backend\target\classes\tokoibuelin\storesystem\controller\DashboardController.class]
2025-07-21T18:50:41.128+07:00 DEBUG 19904 --- [store-system] [           main] o.s.c.a.ClassPathBeanDefinitionScanner   : Identified candidate component class: file [D:\College\TA\PROJECT\backend\target\classes\tokoibuelin\storesystem\controller\NotificationController.class]
2025-07-21T18:50:41.128+07:00 DEBUG 19904 --- [store-system] [           main] o.s.c.a.ClassPathBeanDefinitionScanner   : Identified candidate component class: file [D:\College\TA\PROJECT\backend\target\classes\tokoibuelin\storesystem\controller\OrderController.class]
2025-07-21T18:50:41.130+07:00 DEBUG 19904 --- [store-system] [           main] o.s.c.a.ClassPathBeanDefinitionScanner   : Identified candidate component class: file [D:\College\TA\PROJECT\backend\target\classes\tokoibuelin\storesystem\controller\PaymentController.class]
2025-07-21T18:50:41.132+07:00 DEBUG 19904 --- [store-system] [           main] o.s.c.a.ClassPathBeanDefinitionScanner   : Identified candidate component class: file [D:\College\TA\PROJECT\backend\target\classes\tokoibuelin\storesystem\controller\ProductController.class]
2025-07-21T18:50:41.134+07:00 DEBUG 19904 --- [store-system] [           main] o.s.c.a.ClassPathBeanDefinitionScanner   : Identified candidate component class: file [D:\College\TA\PROJECT\backend\target\classes\tokoibuelin\storesystem\controller\ReportController.class]
2025-07-21T18:50:41.135+07:00 DEBUG 19904 --- [store-system] [           main] o.s.c.a.ClassPathBeanDefinitionScanner   : Identified candidate component class: file [D:\College\TA\PROJECT\backend\target\classes\tokoibuelin\storesystem\controller\SaleController.class]
2025-07-21T18:50:41.137+07:00 DEBUG 19904 --- [store-system] [           main] o.s.c.a.ClassPathBeanDefinitionScanner   : Identified candidate component class: file [D:\College\TA\PROJECT\backend\target\classes\tokoibuelin\storesystem\controller\UserController.class]
2025-07-21T18:50:41.171+07:00 DEBUG 19904 --- [store-system] [           main] o.s.c.a.ClassPathBeanDefinitionScanner   : Identified candidate component class: file [D:\College\TA\PROJECT\backend\target\classes\tokoibuelin\storesystem\repository\AddressRepository.class]
2025-07-21T18:50:41.173+07:00 DEBUG 19904 --- [store-system] [           main] o.s.c.a.ClassPathBeanDefinitionScanner   : Identified candidate component class: file [D:\College\TA\PROJECT\backend\target\classes\tokoibuelin\storesystem\repository\CategoryRepository.class]
2025-07-21T18:50:41.177+07:00 DEBUG 19904 --- [store-system] [           main] o.s.c.a.ClassPathBeanDefinitionScanner   : Identified candidate component class: file [D:\College\TA\PROJECT\backend\target\classes\tokoibuelin\storesystem\repository\ConsignmentRepository.class]
2025-07-21T18:50:41.179+07:00 DEBUG 19904 --- [store-system] [           main] o.s.c.a.ClassPathBeanDefinitionScanner   : Identified candidate component class: file [D:\College\TA\PROJECT\backend\target\classes\tokoibuelin\storesystem\repository\NotificationRepository.class]
2025-07-21T18:50:41.179+07:00 DEBUG 19904 --- [store-system] [           main] o.s.c.a.ClassPathBeanDefinitionScanner   : Identified candidate component class: file [D:\College\TA\PROJECT\backend\target\classes\tokoibuelin\storesystem\repository\OrderRepository.class]
2025-07-21T18:50:41.186+07:00 DEBUG 19904 --- [store-system] [           main] o.s.c.a.ClassPathBeanDefinitionScanner   : Identified candidate component class: file [D:\College\TA\PROJECT\backend\target\classes\tokoibuelin\storesystem\repository\ProductRepository.class]
2025-07-21T18:50:41.189+07:00 DEBUG 19904 --- [store-system] [           main] o.s.c.a.ClassPathBeanDefinitionScanner   : Identified candidate component class: file [D:\College\TA\PROJECT\backend\target\classes\tokoibuelin\storesystem\repository\SaleRepository.class]
2025-07-21T18:50:41.189+07:00 DEBUG 19904 --- [store-system] [           main] o.s.c.a.ClassPathBeanDefinitionScanner   : Identified candidate component class: file [D:\College\TA\PROJECT\backend\target\classes\tokoibuelin\storesystem\repository\UserRepository.class]
2025-07-21T18:50:41.193+07:00 DEBUG 19904 --- [store-system] [           main] o.s.c.a.ClassPathBeanDefinitionScanner   : Identified candidate component class: file [D:\College\TA\PROJECT\backend\target\classes\tokoibuelin\storesystem\service\AddressService.class]
2025-07-21T18:50:41.195+07:00 DEBUG 19904 --- [store-system] [           main] o.s.c.a.ClassPathBeanDefinitionScanner   : Identified candidate component class: file [D:\College\TA\PROJECT\backend\target\classes\tokoibuelin\storesystem\service\CategoryService.class]
2025-07-21T18:50:41.197+07:00 DEBUG 19904 --- [store-system] [           main] o.s.c.a.ClassPathBeanDefinitionScanner   : Identified candidate component class: file [D:\College\TA\PROJECT\backend\target\classes\tokoibuelin\storesystem\service\ConsignmentService.class]
2025-07-21T18:50:41.199+07:00 DEBUG 19904 --- [store-system] [           main] o.s.c.a.ClassPathBeanDefinitionScanner   : Identified candidate component class: file [D:\College\TA\PROJECT\backend\target\classes\tokoibuelin\storesystem\service\DashboardService.class]
2025-07-21T18:50:41.201+07:00 DEBUG 19904 --- [store-system] [           main] o.s.c.a.ClassPathBeanDefinitionScanner   : Identified candidate component class: file [D:\College\TA\PROJECT\backend\target\classes\tokoibuelin\storesystem\service\EmailService.class]
2025-07-21T18:50:41.205+07:00 DEBUG 19904 --- [store-system] [           main] o.s.c.a.ClassPathBeanDefinitionScanner   : Identified candidate component class: file [D:\College\TA\PROJECT\backend\target\classes\tokoibuelin\storesystem\service\OrderService.class]
2025-07-21T18:50:41.205+07:00 DEBUG 19904 --- [store-system] [           main] o.s.c.a.ClassPathBeanDefinitionScanner   : Identified candidate component class: file [D:\College\TA\PROJECT\backend\target\classes\tokoibuelin\storesystem\service\ProductService.class]
2025-07-21T18:50:41.207+07:00 DEBUG 19904 --- [store-system] [           main] o.s.c.a.ClassPathBeanDefinitionScanner   : Identified candidate component class: file [D:\College\TA\PROJECT\backend\target\classes\tokoibuelin\storesystem\service\ReportService.class]
2025-07-21T18:50:41.208+07:00 DEBUG 19904 --- [store-system] [           main] o.s.c.a.ClassPathBeanDefinitionScanner   : Identified candidate component class: file [D:\College\TA\PROJECT\backend\target\classes\tokoibuelin\storesystem\service\SaleService.class]
2025-07-21T18:50:41.208+07:00 DEBUG 19904 --- [store-system] [           main] o.s.c.a.ClassPathBeanDefinitionScanner   : Identified candidate component class: file [D:\College\TA\PROJECT\backend\target\classes\tokoibuelin\storesystem\service\UploadImgService.class]
2025-07-21T18:50:41.210+07:00 DEBUG 19904 --- [store-system] [           main] o.s.c.a.ClassPathBeanDefinitionScanner   : Identified candidate component class: file [D:\College\TA\PROJECT\backend\target\classes\tokoibuelin\storesystem\service\UserService.class]
2025-07-21T18:50:42.141+07:00  INFO 19904 --- [store-system] [           main] .s.d.r.c.RepositoryConfigurationDelegate : Bootstrapping Spring Data JDBC repositories in DEFAULT mode.
2025-07-21T18:50:42.146+07:00 DEBUG 19904 --- [store-system] [           main] o.s.b.f.s.DefaultListableBeanFactory     : Creating shared instance of singleton bean 'org.springframework.boot.autoconfigure.AutoConfigurationPackages'
2025-07-21T18:50:42.160+07:00 DEBUG 19904 --- [store-system] [           main] o.s.b.a.AutoConfigurationPackages        : @EnableAutoConfiguration was declared on a class in the package 'tokoibuelin.storesystem'. Automatic @Repository and @Entity scanning is enabled.
2025-07-21T18:50:42.164+07:00 DEBUG 19904 --- [store-system] [           main] .s.d.r.c.RepositoryConfigurationDelegate : Scanning for JDBC repositories in packages tokoibuelin.storesystem.
2025-07-21T18:50:42.191+07:00  INFO 19904 --- [store-system] [           main] .s.d.r.c.RepositoryConfigurationDelegate : Finished Spring Data repository scanning in 24 ms. Found 0 JDBC repository interfaces.
2025-07-21T18:50:42.496+07:00 DEBUG 19904 --- [store-system] [           main] o.s.b.f.s.DefaultListableBeanFactory     : Creating shared instance of singleton bean 'propertySourcesPlaceholderConfigurer'
2025-07-21T18:50:42.498+07:00 DEBUG 19904 --- [store-system] [           main] o.s.b.f.s.DefaultListableBeanFactory     : Creating shared instance of singleton bean 'org.springframework.boot.test.mock.mockito.MockitoPostProcessor'
2025-07-21T18:50:42.502+07:00 DEBUG 19904 --- [store-system] [           main] o.s.b.f.s.DefaultListableBeanFactory     : Creating shared instance of singleton bean 'org.springframework.boot.sql.init.dependency.DatabaseInitializationDependencyConfigurer$DependsOnDatabaseInitializationPostProcessor'
2025-07-21T18:50:42.584+07:00 DEBUG 19904 --- [store-system] [           main] o.s.b.f.s.DefaultListableBeanFactory     : Creating shared instance of singleton bean 'org.springframework.context.event.internalEventListenerProcessor'
2025-07-21T18:50:42.587+07:00 DEBUG 19904 --- [store-system] [           main] o.s.b.f.s.DefaultListableBeanFactory     : Creating shared instance of singleton bean 'preserveErrorControllerTargetClassPostProcessor'
2025-07-21T18:50:42.589+07:00 DEBUG 19904 --- [store-system] [           main] o.s.b.f.s.DefaultListableBeanFactory     : Creating shared instance of singleton bean 'forceAutoProxyCreatorToUseClassProxying'
2025-07-21T18:50:42.590+07:00 DEBUG 19904 --- [store-system] [           main] o.s.b.f.s.DefaultListableBeanFactory     : Creating shared instance of singleton bean 'org.springframework.context.event.internalEventListenerFactory'
2025-07-21T18:50:42.590+07:00 DEBUG 19904 --- [store-system] [           main] o.s.b.f.s.DefaultListableBeanFactory     : Creating shared instance of singleton bean 'org.springframework.transaction.config.internalTransactionalEventListenerFactory'
2025-07-21T18:50:42.596+07:00 DEBUG 19904 --- [store-system] [           main] o.s.b.f.s.DefaultListableBeanFactory     : Creating shared instance of singleton bean 'org.springframework.boot.test.mock.mockito.MockitoPostProcessor$SpyPostProcessor'
2025-07-21T18:50:42.598+07:00 DEBUG 19904 --- [store-system] [           main] o.s.b.f.s.DefaultListableBeanFactory     : Creating shared instance of singleton bean 'org.springframework.context.annotation.internalAutowiredAnnotationProcessor'
2025-07-21T18:50:42.600+07:00 DEBUG 19904 --- [store-system] [           main] o.s.b.f.s.DefaultListableBeanFactory     : Creating shared instance of singleton bean 'org.springframework.context.annotation.internalCommonAnnotationProcessor'
2025-07-21T18:50:42.609+07:00 DEBUG 19904 --- [store-system] [           main] o.s.b.f.s.DefaultListableBeanFactory     : Creating shared instance of singleton bean 'org.springframework.boot.context.properties.ConfigurationPropertiesBindingPostProcessor'
2025-07-21T18:50:42.609+07:00 DEBUG 19904 --- [store-system] [           main] o.s.b.f.s.DefaultListableBeanFactory     : Creating shared instance of singleton bean 'org.springframework.boot.context.internalConfigurationPropertiesBinder'
2025-07-21T18:50:42.621+07:00 DEBUG 19904 --- [store-system] [           main] o.s.b.f.s.DefaultListableBeanFactory     : Creating shared instance of singleton bean 'jdbcConnectionDetailsHikariBeanPostProcessor'
2025-07-21T18:50:42.629+07:00 DEBUG 19904 --- [store-system] [           main] o.s.b.f.s.DefaultListableBeanFactory     : Creating shared instance of singleton bean 'org.springframework.context.annotation.internalScheduledAnnotationProcessor'
2025-07-21T18:50:42.629+07:00 DEBUG 19904 --- [store-system] [           main] o.s.b.f.s.DefaultListableBeanFactory     : Creating shared instance of singleton bean 'org.springframework.scheduling.annotation.SchedulingConfiguration'
2025-07-21T18:50:42.636+07:00 DEBUG 19904 --- [store-system] [           main] o.s.b.f.s.DefaultListableBeanFactory     : Creating shared instance of singleton bean 'persistenceExceptionTranslationPostProcessor'
2025-07-21T18:50:42.646+07:00 DEBUG 19904 --- [store-system] [           main] o.s.b.f.s.DefaultListableBeanFactory     : Autowiring by type from bean name 'persistenceExceptionTranslationPostProcessor' via factory method to bean named 'environment'
2025-07-21T18:50:42.654+07:00 DEBUG 19904 --- [store-system] [           main] o.s.b.f.s.DefaultListableBeanFactory     : Creating shared instance of singleton bean 'org.springframework.aop.config.internalAutoProxyCreator'
2025-07-21T18:50:42.668+07:00 DEBUG 19904 --- [store-system] [           main] o.s.b.f.s.DefaultListableBeanFactory     : Creating shared instance of singleton bean 'webServerFactoryCustomizerBeanPostProcessor'
2025-07-21T18:50:42.668+07:00 DEBUG 19904 --- [store-system] [           main] o.s.b.f.s.DefaultListableBeanFactory     : Creating shared instance of singleton bean 'errorPageRegistrarBeanPostProcessor'
2025-07-21T18:50:42.668+07:00 DEBUG 19904 --- [store-system] [           main] o.s.b.f.s.DefaultListableBeanFactory     : Creating shared instance of singleton bean 'projectingArgumentResolverBeanPostProcessor'
2025-07-21T18:50:42.693+07:00 DEBUG 19904 --- [store-system] [           main] o.s.b.f.s.DefaultListableBeanFactory     : Creating shared instance of singleton bean 'org.springframework.transaction.config.internalTransactionAdvisor'
2025-07-21T18:50:42.693+07:00 DEBUG 19904 --- [store-system] [           main] o.s.b.f.s.DefaultListableBeanFactory     : Creating shared instance of singleton bean 'org.springframework.transaction.annotation.ProxyTransactionManagementConfiguration'
2025-07-21T18:50:42.702+07:00 DEBUG 19904 --- [store-system] [           main] o.s.b.f.s.DefaultListableBeanFactory     : Creating shared instance of singleton bean 'transactionAttributeSource'
2025-07-21T18:50:42.702+07:00 DEBUG 19904 --- [store-system] [           main] o.s.b.f.s.DefaultListableBeanFactory     : Creating shared instance of singleton bean 'transactionInterceptor'
2025-07-21T18:50:42.707+07:00 DEBUG 19904 --- [store-system] [           main] o.s.b.f.s.DefaultListableBeanFactory     : Autowiring by type from bean name 'transactionInterceptor' via factory method to bean named 'transactionAttributeSource'
2025-07-21T18:50:42.717+07:00 DEBUG 19904 --- [store-system] [           main] o.s.b.f.s.DefaultListableBeanFactory     : Autowiring by type from bean name 'org.springframework.transaction.config.internalTransactionAdvisor' via factory method to bean named 'transactionAttributeSource'
2025-07-21T18:50:42.720+07:00 DEBUG 19904 --- [store-system] [           main] o.s.b.f.s.DefaultListableBeanFactory     : Autowiring by type from bean name 'org.springframework.transaction.config.internalTransactionAdvisor' via factory method to bean named 'transactionInterceptor'
2025-07-21T18:50:42.749+07:00 DEBUG 19904 --- [store-system] [           main] o.s.u.c.s.UiApplicationContextUtils      : Unable to locate ThemeSource with name 'themeSource': using default [org.springframework.ui.context.support.ResourceBundleThemeSource@2c719bd4]
2025-07-21T18:50:42.752+07:00 DEBUG 19904 --- [store-system] [           main] o.s.b.f.s.DefaultListableBeanFactory     : Creating shared instance of singleton bean 'storeSystemApplication'
2025-07-21T18:50:42.756+07:00 DEBUG 19904 --- [store-system] [           main] o.s.b.f.s.DefaultListableBeanFactory     : Creating shared instance of singleton bean 'appConfig'
2025-07-21T18:50:42.756+07:00 DEBUG 19904 --- [store-system] [           main] o.s.b.f.s.DefaultListableBeanFactory     : Creating shared instance of singleton bean 'cloudinaryConfig'
2025-07-21T18:50:42.756+07:00 DEBUG 19904 --- [store-system] [           main] o.s.b.f.s.DefaultListableBeanFactory     : Creating shared instance of singleton bean 'midtransConfig'
2025-07-21T18:50:42.756+07:00 DEBUG 19904 --- [store-system] [           main] o.s.b.f.s.DefaultListableBeanFactory     : Creating shared instance of singleton bean 'springWebConfig'
2025-07-21T18:50:42.756+07:00 DEBUG 19904 --- [store-system] [           main] o.s.b.f.s.DefaultListableBeanFactory     : Creating shared instance of singleton bean 'webConfig'
2025-07-21T18:50:42.762+07:00 DEBUG 19904 --- [store-system] [           main] o.s.b.f.s.DefaultListableBeanFactory     : Creating shared instance of singleton bean 'addressController'
2025-07-21T18:50:42.773+07:00 DEBUG 19904 --- [store-system] [           main] o.s.b.f.s.DefaultListableBeanFactory     : Creating shared instance of singleton bean 'addressService'
2025-07-21T18:50:42.782+07:00 DEBUG 19904 --- [store-system] [           main] o.s.b.f.s.DefaultListableBeanFactory     : Creating shared instance of singleton bean 'addressRepository'
2025-07-21T18:50:42.784+07:00 DEBUG 19904 --- [store-system] [           main] o.s.b.f.s.DefaultListableBeanFactory     : Creating shared instance of singleton bean 'dataSourceScriptDatabaseInitializer'
2025-07-21T18:50:42.784+07:00 DEBUG 19904 --- [store-system] [           main] o.s.b.f.s.DefaultListableBeanFactory     : Creating shared instance of singleton bean 'org.springframework.boot.autoconfigure.sql.init.DataSourceInitializationConfiguration'
2025-07-21T18:50:42.785+07:00 DEBUG 19904 --- [store-system] [           main] o.s.b.f.s.DefaultListableBeanFactory     : Creating shared instance of singleton bean 'dataSource'
2025-07-21T18:50:42.785+07:00 DEBUG 19904 --- [store-system] [           main] o.s.b.f.s.DefaultListableBeanFactory     : Creating shared instance of singleton bean 'org.springframework.boot.autoconfigure.jdbc.DataSourceConfiguration$Hikari'
2025-07-21T18:50:42.785+07:00 DEBUG 19904 --- [store-system] [           main] o.s.b.f.s.DefaultListableBeanFactory     : Creating shared instance of singleton bean 'spring.datasource-org.springframework.boot.autoconfigure.jdbc.DataSourceProperties'
2025-07-21T18:50:42.785+07:00 DEBUG 19904 --- [store-system] [           main] o.s.b.f.s.DefaultListableBeanFactory     : Creating shared instance of singleton bean 'org.springframework.boot.context.properties.BoundConfigurationProperties'
2025-07-21T18:50:42.826+07:00 DEBUG 19904 --- [store-system] [           main] o.s.b.f.s.DefaultListableBeanFactory     : Creating shared instance of singleton bean 'jdbcConnectionDetails'
2025-07-21T18:50:42.826+07:00 DEBUG 19904 --- [store-system] [           main] o.s.b.f.s.DefaultListableBeanFactory     : Creating shared instance of singleton bean 'org.springframework.boot.autoconfigure.jdbc.DataSourceAutoConfiguration$PooledDataSourceConfiguration'
2025-07-21T18:50:42.827+07:00 DEBUG 19904 --- [store-system] [           main] o.s.b.f.s.DefaultListableBeanFactory     : Autowiring by type from bean name 'jdbcConnectionDetails' via factory method to bean named 'spring.datasource-org.springframework.boot.autoconfigure.jdbc.DataSourceProperties'
2025-07-21T18:50:42.830+07:00 DEBUG 19904 --- [store-system] [           main] o.s.b.f.s.DefaultListableBeanFactory     : Autowiring by type from bean name 'dataSource' via factory method to bean named 'spring.datasource-org.springframework.boot.autoconfigure.jdbc.DataSourceProperties'
2025-07-21T18:50:42.830+07:00 DEBUG 19904 --- [store-system] [           main] o.s.b.f.s.DefaultListableBeanFactory     : Autowiring by type from bean name 'dataSource' via factory method to bean named 'jdbcConnectionDetails'
2025-07-21T18:50:42.899+07:00 DEBUG 19904 --- [store-system] [           main] o.s.b.f.s.DefaultListableBeanFactory     : Creating shared instance of singleton bean 'spring.sql.init-org.springframework.boot.autoconfigure.sql.init.SqlInitializationProperties'
2025-07-21T18:50:42.907+07:00 DEBUG 19904 --- [store-system] [           main] o.s.b.f.s.DefaultListableBeanFactory     : Autowiring by type from bean name 'dataSourceScriptDatabaseInitializer' via factory method to bean named 'dataSource'
2025-07-21T18:50:42.910+07:00 DEBUG 19904 --- [store-system] [           main] o.s.b.f.s.DefaultListableBeanFactory     : Autowiring by type from bean name 'dataSourceScriptDatabaseInitializer' via factory method to bean named 'spring.sql.init-org.springframework.boot.autoconfigure.sql.init.SqlInitializationProperties'
2025-07-21T18:50:42.926+07:00 DEBUG 19904 --- [store-system] [           main] o.s.jdbc.datasource.DataSourceUtils      : Fetching JDBC Connection from DataSource
2025-07-21T18:50:42.926+07:00  INFO 19904 --- [store-system] [           main] com.zaxxer.hikari.HikariDataSource       : HikariPool-1 - Starting...
2025-07-21T18:50:43.546+07:00  INFO 19904 --- [store-system] [           main] com.zaxxer.hikari.pool.HikariPool        : HikariPool-1 - Added connection org.postgresql.jdbc.PgConnection@349c4d1c
2025-07-21T18:50:43.546+07:00  INFO 19904 --- [store-system] [           main] com.zaxxer.hikari.HikariDataSource       : HikariPool-1 - Start completed.
2025-07-21T18:50:43.578+07:00 DEBUG 19904 --- [store-system] [           main] o.s.b.f.s.DefaultListableBeanFactory     : Creating shared instance of singleton bean 'jdbcTemplate'
2025-07-21T18:50:43.578+07:00 DEBUG 19904 --- [store-system] [           main] o.s.b.f.s.DefaultListableBeanFactory     : Creating shared instance of singleton bean 'org.springframework.boot.autoconfigure.jdbc.JdbcTemplateConfiguration'
2025-07-21T18:50:43.578+07:00 DEBUG 19904 --- [store-system] [           main] o.s.b.f.s.DefaultListableBeanFactory     : Creating shared instance of singleton bean 'spring.jdbc-org.springframework.boot.autoconfigure.jdbc.JdbcProperties'
2025-07-21T18:50:43.578+07:00 DEBUG 19904 --- [store-system] [           main] o.s.b.f.s.DefaultListableBeanFactory     : Autowiring by type from bean name 'jdbcTemplate' via factory method to bean named 'dataSource'
2025-07-21T18:50:43.578+07:00 DEBUG 19904 --- [store-system] [           main] o.s.b.f.s.DefaultListableBeanFactory     : Autowiring by type from bean name 'jdbcTemplate' via factory method to bean named 'spring.jdbc-org.springframework.boot.autoconfigure.jdbc.JdbcProperties'
2025-07-21T18:50:43.615+07:00 DEBUG 19904 --- [store-system] [           main] o.s.b.f.s.DefaultListableBeanFactory     : Autowiring by type from bean name 'addressRepository' via constructor to bean named 'jdbcTemplate'
2025-07-21T18:50:43.657+07:00 DEBUG 19904 --- [store-system] [           main] o.s.b.f.s.DefaultListableBeanFactory     : Creating shared instance of singleton bean 'userRepository'
2025-07-21T18:50:43.657+07:00 DEBUG 19904 --- [store-system] [           main] o.s.b.f.s.DefaultListableBeanFactory     : Autowiring by type from bean name 'userRepository' via constructor to bean named 'jdbcTemplate'
2025-07-21T18:50:43.684+07:00 DEBUG 19904 --- [store-system] [           main] o.s.b.f.s.DefaultListableBeanFactory     : Autowiring by type from bean name 'addressService' via constructor to bean named 'addressRepository'
2025-07-21T18:50:43.684+07:00 DEBUG 19904 --- [store-system] [           main] o.s.b.f.s.DefaultListableBeanFactory     : Autowiring by type from bean name 'addressService' via constructor to bean named 'userRepository'
2025-07-21T18:50:43.684+07:00 DEBUG 19904 --- [store-system] [           main] o.s.b.f.s.DefaultListableBeanFactory     : Autowiring by type from bean name 'addressService' via constructor to bean named 'jdbcTemplate'
2025-07-21T18:50:43.690+07:00 DEBUG 19904 --- [store-system] [           main] o.s.b.f.s.DefaultListableBeanFactory     : Creating shared instance of singleton bean 'authController'
2025-07-21T18:50:43.694+07:00 DEBUG 19904 --- [store-system] [           main] o.s.b.f.s.DefaultListableBeanFactory     : Creating shared instance of singleton bean 'userService'
2025-07-21T18:50:43.705+07:00 DEBUG 19904 --- [store-system] [           main] o.s.b.f.s.DefaultListableBeanFactory     : Creating shared instance of singleton bean 'passwordEncoder'
2025-07-21T18:50:43.712+07:00 DEBUG 19904 --- [store-system] [           main] o.s.b.f.s.DefaultListableBeanFactory     : Creating shared instance of singleton bean 'emailService'
2025-07-21T18:50:43.714+07:00 DEBUG 19904 --- [store-system] [           main] o.s.b.f.s.DefaultListableBeanFactory     : Creating shared instance of singleton bean 'mailSender'
2025-07-21T18:50:43.714+07:00 DEBUG 19904 --- [store-system] [           main] o.s.b.f.s.DefaultListableBeanFactory     : Creating shared instance of singleton bean 'org.springframework.boot.autoconfigure.mail.MailSenderPropertiesConfiguration'
2025-07-21T18:50:43.714+07:00 DEBUG 19904 --- [store-system] [           main] o.s.b.f.s.DefaultListableBeanFactory     : Creating shared instance of singleton bean 'spring.mail-org.springframework.boot.autoconfigure.mail.MailProperties'
2025-07-21T18:50:43.726+07:00 DEBUG 19904 --- [store-system] [           main] o.s.b.f.s.DefaultListableBeanFactory     : Autowiring by type from bean name 'mailSender' via factory method to bean named 'spring.mail-org.springframework.boot.autoconfigure.mail.MailProperties'
2025-07-21T18:50:43.761+07:00 DEBUG 19904 --- [store-system] [           main] o.s.b.f.s.DefaultListableBeanFactory     : Autowiring by type from bean name 'userService' via constructor to bean named 'environment'
2025-07-21T18:50:43.761+07:00 DEBUG 19904 --- [store-system] [           main] o.s.b.f.s.DefaultListableBeanFactory     : Autowiring by type from bean name 'userService' via constructor to bean named 'userRepository'
2025-07-21T18:50:43.763+07:00 DEBUG 19904 --- [store-system] [           main] o.s.b.f.s.DefaultListableBeanFactory     : Autowiring by type from bean name 'userService' via constructor to bean named 'passwordEncoder'
2025-07-21T18:50:43.763+07:00 DEBUG 19904 --- [store-system] [           main] o.s.b.f.s.DefaultListableBeanFactory     : Autowiring by type from bean name 'userService' via constructor to bean named 'addressRepository'
2025-07-21T18:50:43.763+07:00 DEBUG 19904 --- [store-system] [           main] o.s.b.f.s.DefaultListableBeanFactory     : Autowiring by type from bean name 'userService' via constructor to bean named 'emailService'
2025-07-21T18:50:43.785+07:00 DEBUG 19904 --- [store-system] [           main] o.s.b.f.s.DefaultListableBeanFactory     : Autowiring by type from bean name 'authController' via constructor to bean named 'userService'
2025-07-21T18:50:43.787+07:00 DEBUG 19904 --- [store-system] [           main] o.s.b.f.s.DefaultListableBeanFactory     : Creating shared instance of singleton bean 'categoryController'
2025-07-21T18:50:43.789+07:00 DEBUG 19904 --- [store-system] [           main] o.s.b.f.s.DefaultListableBeanFactory     : Creating shared instance of singleton bean 'categoryRepository'
2025-07-21T18:50:43.789+07:00 DEBUG 19904 --- [store-system] [           main] o.s.b.f.s.DefaultListableBeanFactory     : Autowiring by type from bean name 'categoryRepository' via constructor to bean named 'jdbcTemplate'
2025-07-21T18:50:43.792+07:00  INFO 19904 --- [store-system] [           main] f.a.AutowiredAnnotationBeanPostProcessor : Autowired annotation should only be used on methods with parameters: public java.util.List tokoibuelin.storesystem.repository.CategoryRepository.getAllCategory()
2025-07-21T18:50:43.793+07:00 DEBUG 19904 --- [store-system] [           main] o.s.jdbc.core.JdbcTemplate               : Executing prepared SQL query
2025-07-21T18:50:43.793+07:00 DEBUG 19904 --- [store-system] [           main] o.s.jdbc.core.JdbcTemplate               : Executing prepared SQL statement
2025-07-21T18:50:43.793+07:00 DEBUG 19904 --- [store-system] [           main] o.s.jdbc.datasource.DataSourceUtils      : Fetching JDBC Connection from DataSource
2025-07-21T18:50:43.861+07:00 DEBUG 19904 --- [store-system] [           main] o.s.b.f.s.DefaultListableBeanFactory     : Creating shared instance of singleton bean 'categoryService'
2025-07-21T18:50:43.864+07:00 DEBUG 19904 --- [store-system] [           main] o.s.b.f.s.DefaultListableBeanFactory     : Autowiring by type from bean name 'categoryService' via constructor to bean named 'categoryRepository'
2025-07-21T18:50:43.867+07:00 DEBUG 19904 --- [store-system] [           main] o.s.b.f.s.DefaultListableBeanFactory     : Creating shared instance of singleton bean 'consignmentController'
2025-07-21T18:50:43.869+07:00 DEBUG 19904 --- [store-system] [           main] o.s.b.f.s.DefaultListableBeanFactory     : Creating shared instance of singleton bean 'consignmentRepository'
2025-07-21T18:50:43.875+07:00 DEBUG 19904 --- [store-system] [           main] o.s.b.f.s.DefaultListableBeanFactory     : Autowiring by type from bean name 'consignmentRepository' via constructor to bean named 'jdbcTemplate'
2025-07-21T18:50:43.887+07:00 DEBUG 19904 --- [store-system] [           main] o.s.b.f.s.DefaultListableBeanFactory     : Creating shared instance of singleton bean 'customerController'
2025-07-21T18:50:43.889+07:00 DEBUG 19904 --- [store-system] [           main] o.s.b.f.s.DefaultListableBeanFactory     : Creating shared instance of singleton bean 'productService'
2025-07-21T18:50:43.889+07:00 DEBUG 19904 --- [store-system] [           main] o.s.b.f.s.DefaultListableBeanFactory     : Creating shared instance of singleton bean 'productRepository'
2025-07-21T18:50:43.889+07:00 DEBUG 19904 --- [store-system] [           main] o.s.b.f.s.DefaultListableBeanFactory     : Autowiring by type from bean name 'productRepository' via constructor to bean named 'jdbcTemplate'
2025-07-21T18:50:43.906+07:00 DEBUG 19904 --- [store-system] [           main] o.s.b.f.s.DefaultListableBeanFactory     : Creating shared instance of singleton bean 'uploadImgService'
2025-07-21T18:50:43.909+07:00 DEBUG 19904 --- [store-system] [           main] o.s.b.f.s.DefaultListableBeanFactory     : Creating shared instance of singleton bean 'cloudinary'
2025-07-21T18:50:43.937+07:00 DEBUG 19904 --- [store-system] [           main] o.s.b.f.s.DefaultListableBeanFactory     : Creating shared instance of singleton bean 'orderRepository'
2025-07-21T18:50:43.937+07:00 DEBUG 19904 --- [store-system] [           main] o.s.b.f.s.DefaultListableBeanFactory     : Autowiring by type from bean name 'orderRepository' via constructor to bean named 'jdbcTemplate'
2025-07-21T18:50:43.953+07:00 DEBUG 19904 --- [store-system] [           main] o.s.b.f.s.DefaultListableBeanFactory     : Creating shared instance of singleton bean 'dashboardController'
2025-07-21T18:50:43.955+07:00 DEBUG 19904 --- [store-system] [           main] o.s.b.f.s.DefaultListableBeanFactory     : Creating shared instance of singleton bean 'dashboardService'
2025-07-21T18:50:43.955+07:00 DEBUG 19904 --- [store-system] [           main] o.s.b.f.s.DefaultListableBeanFactory     : Creating shared instance of singleton bean 'saleRepository'
2025-07-21T18:50:43.955+07:00 DEBUG 19904 --- [store-system] [           main] o.s.b.f.s.DefaultListableBeanFactory     : Autowiring by type from bean name 'saleRepository' via constructor to bean named 'jdbcTemplate'
2025-07-21T18:50:43.967+07:00 DEBUG 19904 --- [store-system] [           main] o.s.b.f.s.DefaultListableBeanFactory     : Creating shared instance of singleton bean 'notificationController'
2025-07-21T18:50:43.971+07:00 DEBUG 19904 --- [store-system] [           main] o.s.b.f.s.DefaultListableBeanFactory     : Creating shared instance of singleton bean 'notificationRepository'
2025-07-21T18:50:43.990+07:00 DEBUG 19904 --- [store-system] [           main] o.s.b.f.s.DefaultListableBeanFactory     : Creating shared instance of singleton bean 'orderController'
2025-07-21T18:50:43.998+07:00 DEBUG 19904 --- [store-system] [           main] o.s.b.f.s.DefaultListableBeanFactory     : Creating shared instance of singleton bean 'orderService'
2025-07-21T18:50:43.999+07:00 DEBUG 19904 --- [store-system] [           main] o.s.b.f.s.DefaultListableBeanFactory     : Autowiring by type from bean name 'orderService' via constructor to bean named 'orderRepository'
2025-07-21T18:50:43.999+07:00 DEBUG 19904 --- [store-system] [           main] o.s.b.f.s.DefaultListableBeanFactory     : Autowiring by type from bean name 'orderService' via constructor to bean named 'productRepository'
2025-07-21T18:50:43.999+07:00 DEBUG 19904 --- [store-system] [           main] o.s.b.f.s.DefaultListableBeanFactory     : Autowiring by type from bean name 'orderService' via constructor to bean named 'consignmentRepository'
2025-07-21T18:50:44.006+07:00 DEBUG 19904 --- [store-system] [           main] o.s.b.f.s.DefaultListableBeanFactory     : Creating shared instance of singleton bean 'paymentController'
2025-07-21T18:50:44.006+07:00 DEBUG 19904 --- [store-system] [           main] o.s.b.f.s.DefaultListableBeanFactory     : Creating shared instance of singleton bean 'productController'
2025-07-21T18:50:44.006+07:00 DEBUG 19904 --- [store-system] [           main] o.s.b.f.s.DefaultListableBeanFactory     : Creating shared instance of singleton bean 'reportController'
2025-07-21T18:50:44.006+07:00 DEBUG 19904 --- [store-system] [           main] o.s.b.f.s.DefaultListableBeanFactory     : Creating shared instance of singleton bean 'reportService'
2025-07-21T18:50:44.024+07:00 DEBUG 19904 --- [store-system] [           main] o.s.b.f.s.DefaultListableBeanFactory     : Creating shared instance of singleton bean 'saleController'
2025-07-21T18:50:44.027+07:00 DEBUG 19904 --- [store-system] [           main] o.s.b.f.s.DefaultListableBeanFactory     : Creating shared instance of singleton bean 'saleService'
2025-07-21T18:50:44.028+07:00 DEBUG 19904 --- [store-system] [           main] o.s.b.f.s.DefaultListableBeanFactory     : Autowiring by type from bean name 'saleService' via constructor to bean named 'saleRepository'
2025-07-21T18:50:44.028+07:00 DEBUG 19904 --- [store-system] [           main] o.s.b.f.s.DefaultListableBeanFactory     : Autowiring by type from bean name 'saleService' via constructor to bean named 'consignmentRepository'
2025-07-21T18:50:44.028+07:00 DEBUG 19904 --- [store-system] [           main] o.s.b.f.s.DefaultListableBeanFactory     : Autowiring by type from bean name 'saleService' via constructor to bean named 'productRepository'
2025-07-21T18:50:44.039+07:00 DEBUG 19904 --- [store-system] [           main] o.s.b.f.s.DefaultListableBeanFactory     : Autowiring by type from bean name 'saleController' via constructor to bean named 'saleService'
2025-07-21T18:50:44.040+07:00 DEBUG 19904 --- [store-system] [           main] o.s.b.f.s.DefaultListableBeanFactory     : Creating shared instance of singleton bean 'userController'
2025-07-21T18:50:44.042+07:00 DEBUG 19904 --- [store-system] [           main] o.s.b.f.s.DefaultListableBeanFactory     : Autowiring by type from bean name 'userController' via constructor to bean named 'userService'
2025-07-21T18:50:44.044+07:00 DEBUG 19904 --- [store-system] [           main] o.s.b.f.s.DefaultListableBeanFactory     : Creating shared instance of singleton bean 'consignmentService'
2025-07-21T18:50:44.044+07:00 DEBUG 19904 --- [store-system] [           main] o.s.b.f.s.DefaultListableBeanFactory     : Creating shared instance of singleton bean 'restTemplate'
2025-07-21T18:50:44.082+07:00 DEBUG 19904 --- [store-system] [           main] o.s.b.f.s.DefaultListableBeanFactory     : Creating shared instance of singleton bean 'authenticationFilter'
2025-07-21T18:50:44.082+07:00 DEBUG 19904 --- [store-system] [           main] o.s.b.f.s.DefaultListableBeanFactory     : Autowiring by type from bean name 'authenticationFilter' via factory method to bean named 'environment'
2025-07-21T18:50:44.093+07:00 DEBUG 19904 --- [store-system] [           main] o.s.b.f.s.DefaultListableBeanFactory     : Creating shared instance of singleton bean 'org.springframework.boot.autoconfigure.context.PropertyPlaceholderAutoConfiguration'
2025-07-21T18:50:44.094+07:00 DEBUG 19904 --- [store-system] [           main] o.s.b.f.s.DefaultListableBeanFactory     : Creating shared instance of singleton bean 'org.springframework.boot.autoconfigure.ssl.SslAutoConfiguration'
2025-07-21T18:50:44.094+07:00 DEBUG 19904 --- [store-system] [           main] o.s.b.f.s.DefaultListableBeanFactory     : Creating shared instance of singleton bean 'spring.ssl-org.springframework.boot.autoconfigure.ssl.SslProperties'
2025-07-21T18:50:44.094+07:00 DEBUG 19904 --- [store-system] [           main] o.s.b.f.s.DefaultListableBeanFactory     : Autowiring by type from bean name 'org.springframework.boot.autoconfigure.ssl.SslAutoConfiguration' via constructor to bean named 'spring.ssl-org.springframework.boot.autoconfigure.ssl.SslProperties'
2025-07-21T18:50:44.094+07:00 DEBUG 19904 --- [store-system] [           main] o.s.b.f.s.DefaultListableBeanFactory     : Creating shared instance of singleton bean 'fileWatcher'
2025-07-21T18:50:44.102+07:00 DEBUG 19904 --- [store-system] [           main] o.s.b.f.s.DefaultListableBeanFactory     : Creating shared instance of singleton bean 'sslPropertiesSslBundleRegistrar'
2025-07-21T18:50:44.104+07:00 DEBUG 19904 --- [store-system] [           main] o.s.b.f.s.DefaultListableBeanFactory     : Autowiring by type from bean name 'sslPropertiesSslBundleRegistrar' via factory method to bean named 'fileWatcher'
2025-07-21T18:50:44.108+07:00 DEBUG 19904 --- [store-system] [           main] o.s.b.f.s.DefaultListableBeanFactory     : Creating shared instance of singleton bean 'sslBundleRegistry'
2025-07-21T18:50:44.119+07:00 DEBUG 19904 --- [store-system] [           main] o.s.b.f.s.DefaultListableBeanFactory     : Creating shared instance of singleton bean 'org.springframework.boot.context.properties.EnableConfigurationPropertiesRegistrar.methodValidationExcludeFilter'
2025-07-21T18:50:44.122+07:00 DEBUG 19904 --- [store-system] [           main] o.s.b.f.s.DefaultListableBeanFactory     : Creating shared instance of singleton bean 'org.springframework.boot.autoconfigure.websocket.servlet.WebSocketServletAutoConfiguration$TomcatWebSocketConfiguration'
2025-07-21T18:50:44.129+07:00 DEBUG 19904 --- [store-system] [           main] o.s.b.f.s.DefaultListableBeanFactory     : Creating shared instance of singleton bean 'websocketServletWebServerCustomizer'
2025-07-21T18:50:44.134+07:00 DEBUG 19904 --- [store-system] [           main] o.s.b.f.s.DefaultListableBeanFactory     : Creating shared instance of singleton bean 'org.springframework.boot.autoconfigure.websocket.servlet.WebSocketServletAutoConfiguration'
2025-07-21T18:50:44.134+07:00 DEBUG 19904 --- [store-system] [           main] o.s.b.f.s.DefaultListableBeanFactory     : Creating shared instance of singleton bean 'org.springframework.boot.autoconfigure.web.servlet.ServletWebServerFactoryConfiguration$EmbeddedTomcat'
2025-07-21T18:50:44.134+07:00 DEBUG 19904 --- [store-system] [           main] o.s.b.f.s.DefaultListableBeanFactory     : Creating shared instance of singleton bean 'tomcatServletWebServerFactory'
2025-07-21T18:50:44.188+07:00 DEBUG 19904 --- [store-system] [           main] o.s.b.f.s.DefaultListableBeanFactory     : Creating shared instance of singleton bean 'servletWebServerFactoryCustomizer'
2025-07-21T18:50:44.188+07:00 DEBUG 19904 --- [store-system] [           main] o.s.b.f.s.DefaultListableBeanFactory     : Creating shared instance of singleton bean 'org.springframework.boot.autoconfigure.web.servlet.ServletWebServerFactoryAutoConfiguration'
2025-07-21T18:50:44.188+07:00 DEBUG 19904 --- [store-system] [           main] o.s.b.f.s.DefaultListableBeanFactory     : Creating shared instance of singleton bean 'server-org.springframework.boot.autoconfigure.web.ServerProperties'
2025-07-21T18:50:44.213+07:00 DEBUG 19904 --- [store-system] [           main] o.s.b.f.s.DefaultListableBeanFactory     : Autowiring by type from bean name 'servletWebServerFactoryCustomizer' via factory method to bean named 'server-org.springframework.boot.autoconfigure.web.ServerProperties'
2025-07-21T18:50:44.219+07:00 DEBUG 19904 --- [store-system] [           main] o.s.b.f.s.DefaultListableBeanFactory     : Creating shared instance of singleton bean 'tomcatServletWebServerFactoryCustomizer'
2025-07-21T18:50:44.219+07:00 DEBUG 19904 --- [store-system] [           main] o.s.b.f.s.DefaultListableBeanFactory     : Autowiring by type from bean name 'tomcatServletWebServerFactoryCustomizer' via factory method to bean named 'server-org.springframework.boot.autoconfigure.web.ServerProperties'
2025-07-21T18:50:44.219+07:00 DEBUG 19904 --- [store-system] [           main] o.s.b.f.s.DefaultListableBeanFactory     : Creating shared instance of singleton bean 'localeCharsetMappingsCustomizer'
2025-07-21T18:50:44.219+07:00 DEBUG 19904 --- [store-system] [           main] o.s.b.f.s.DefaultListableBeanFactory     : Creating shared instance of singleton bean 'org.springframework.boot.autoconfigure.web.servlet.HttpEncodingAutoConfiguration'
2025-07-21T18:50:44.219+07:00 DEBUG 19904 --- [store-system] [           main] o.s.b.f.s.DefaultListableBeanFactory     : Autowiring by type from bean name 'org.springframework.boot.autoconfigure.web.servlet.HttpEncodingAutoConfiguration' via constructor to bean named 'server-org.springframework.boot.autoconfigure.web.ServerProperties'
2025-07-21T18:50:44.249+07:00 DEBUG 19904 --- [store-system] [           main] o.s.b.f.s.DefaultListableBeanFactory     : Creating shared instance of singleton bean 'errorPageCustomizer'
2025-07-21T18:50:44.249+07:00 DEBUG 19904 --- [store-system] [           main] o.s.b.f.s.DefaultListableBeanFactory     : Creating shared instance of singleton bean 'org.springframework.boot.autoconfigure.web.servlet.error.ErrorMvcAutoConfiguration'
2025-07-21T18:50:44.251+07:00 DEBUG 19904 --- [store-system] [           main] o.s.b.f.s.DefaultListableBeanFactory     : Autowiring by type from bean name 'org.springframework.boot.autoconfigure.web.servlet.error.ErrorMvcAutoConfiguration' via constructor to bean named 'server-org.springframework.boot.autoconfigure.web.ServerProperties'
2025-07-21T18:50:44.252+07:00 DEBUG 19904 --- [store-system] [           main] o.s.b.f.s.DefaultListableBeanFactory     : Creating shared instance of singleton bean 'dispatcherServletRegistration'
2025-07-21T18:50:44.252+07:00 DEBUG 19904 --- [store-system] [           main] o.s.b.f.s.DefaultListableBeanFactory     : Creating shared instance of singleton bean 'org.springframework.boot.autoconfigure.web.servlet.DispatcherServletAutoConfiguration$DispatcherServletRegistrationConfiguration'
2025-07-21T18:50:44.252+07:00 DEBUG 19904 --- [store-system] [           main] o.s.b.f.s.DefaultListableBeanFactory     : Creating shared instance of singleton bean 'dispatcherServlet'
2025-07-21T18:50:44.252+07:00 DEBUG 19904 --- [store-system] [           main] o.s.b.f.s.DefaultListableBeanFactory     : Creating shared instance of singleton bean 'org.springframework.boot.autoconfigure.web.servlet.DispatcherServletAutoConfiguration$DispatcherServletConfiguration'
2025-07-21T18:50:44.252+07:00 DEBUG 19904 --- [store-system] [           main] o.s.b.f.s.DefaultListableBeanFactory     : Creating shared instance of singleton bean 'spring.mvc-org.springframework.boot.autoconfigure.web.servlet.WebMvcProperties'
2025-07-21T18:50:44.261+07:00 DEBUG 19904 --- [store-system] [           main] o.s.b.f.s.DefaultListableBeanFactory     : Autowiring by type from bean name 'dispatcherServlet' via factory method to bean named 'spring.mvc-org.springframework.boot.autoconfigure.web.servlet.WebMvcProperties'
2025-07-21T18:50:44.285+07:00 DEBUG 19904 --- [store-system] [           main] o.s.b.f.s.DefaultListableBeanFactory     : Autowiring by type from bean name 'dispatcherServletRegistration' via factory method to bean named 'dispatcherServlet'
2025-07-21T18:50:44.285+07:00 DEBUG 19904 --- [store-system] [           main] o.s.b.f.s.DefaultListableBeanFactory     : Autowiring by type from bean name 'dispatcherServletRegistration' via factory method to bean named 'spring.mvc-org.springframework.boot.autoconfigure.web.servlet.WebMvcProperties'
2025-07-21T18:50:44.288+07:00 DEBUG 19904 --- [store-system] [           main] o.s.b.f.s.DefaultListableBeanFactory     : Creating shared instance of singleton bean 'multipartConfigElement'
2025-07-21T18:50:44.288+07:00 DEBUG 19904 --- [store-system] [           main] o.s.b.f.s.DefaultListableBeanFactory     : Creating shared instance of singleton bean 'org.springframework.boot.autoconfigure.web.servlet.MultipartAutoConfiguration'
2025-07-21T18:50:44.288+07:00 DEBUG 19904 --- [store-system] [           main] o.s.b.f.s.DefaultListableBeanFactory     : Creating shared instance of singleton bean 'spring.servlet.multipart-org.springframework.boot.autoconfigure.web.servlet.MultipartProperties'
2025-07-21T18:50:44.288+07:00 DEBUG 19904 --- [store-system] [           main] o.s.b.f.s.DefaultListableBeanFactory     : Autowiring by type from bean name 'org.springframework.boot.autoconfigure.web.servlet.MultipartAutoConfiguration' via constructor to bean named 'spring.servlet.multipart-org.springframework.boot.autoconfigure.web.servlet.MultipartProperties'
2025-07-21T18:50:44.301+07:00 DEBUG 19904 --- [store-system] [           main] o.s.b.f.s.DefaultListableBeanFactory     : Autowiring by type from bean name 'errorPageCustomizer' via factory method to bean named 'dispatcherServletRegistration'
2025-07-21T18:50:44.308+07:00 DEBUG 19904 --- [store-system] [           main] o.s.b.f.s.DefaultListableBeanFactory     : Creating shared instance of singleton bean 'org.springframework.boot.autoconfigure.web.servlet.DispatcherServletAutoConfiguration'
2025-07-21T18:50:44.308+07:00 DEBUG 19904 --- [store-system] [           main] o.s.b.f.s.DefaultListableBeanFactory     : Creating shared instance of singleton bean 'org.springframework.boot.autoconfigure.task.TaskExecutorConfigurations$ThreadPoolTaskExecutorBuilderConfiguration'
2025-07-21T18:50:44.308+07:00 DEBUG 19904 --- [store-system] [           main] o.s.b.f.s.DefaultListableBeanFactory     : Creating shared instance of singleton bean 'threadPoolTaskExecutorBuilder'
2025-07-21T18:50:44.308+07:00 DEBUG 19904 --- [store-system] [           main] o.s.b.f.s.DefaultListableBeanFactory     : Creating shared instance of singleton bean 'spring.task.execution-org.springframework.boot.autoconfigure.task.TaskExecutionProperties'
2025-07-21T18:50:44.318+07:00 DEBUG 19904 --- [store-system] [           main] o.s.b.f.s.DefaultListableBeanFactory     : Autowiring by type from bean name 'threadPoolTaskExecutorBuilder' via factory method to bean named 'spring.task.execution-org.springframework.boot.autoconfigure.task.TaskExecutionProperties'
2025-07-21T18:50:44.325+07:00 DEBUG 19904 --- [store-system] [           main] o.s.b.f.s.DefaultListableBeanFactory     : Creating shared instance of singleton bean 'org.springframework.boot.autoconfigure.task.TaskExecutorConfigurations$TaskExecutorBuilderConfiguration'
2025-07-21T18:50:44.325+07:00 DEBUG 19904 --- [store-system] [           main] o.s.b.f.s.DefaultListableBeanFactory     : Creating shared instance of singleton bean 'taskExecutorBuilder'
2025-07-21T18:50:44.327+07:00 DEBUG 19904 --- [store-system] [           main] o.s.b.f.s.DefaultListableBeanFactory     : Autowiring by type from bean name 'taskExecutorBuilder' via factory method to bean named 'spring.task.execution-org.springframework.boot.autoconfigure.task.TaskExecutionProperties'
2025-07-21T18:50:44.330+07:00 DEBUG 19904 --- [store-system] [           main] o.s.b.f.s.DefaultListableBeanFactory     : Creating shared instance of singleton bean 'org.springframework.boot.autoconfigure.task.TaskExecutorConfigurations$SimpleAsyncTaskExecutorBuilderConfiguration'
2025-07-21T18:50:44.332+07:00 DEBUG 19904 --- [store-system] [           main] o.s.b.f.s.DefaultListableBeanFactory     : Autowiring by type from bean name 'org.springframework.boot.autoconfigure.task.TaskExecutorConfigurations$SimpleAsyncTaskExecutorBuilderConfiguration' via constructor to bean named 'spring.task.execution-org.springframework.boot.autoconfigure.task.TaskExecutionProperties'
2025-07-21T18:50:44.333+07:00 DEBUG 19904 --- [store-system] [           main] o.s.b.f.s.DefaultListableBeanFactory     : Creating shared instance of singleton bean 'simpleAsyncTaskExecutorBuilder'
2025-07-21T18:50:44.335+07:00 DEBUG 19904 --- [store-system] [           main] o.s.b.f.s.DefaultListableBeanFactory     : Creating shared instance of singleton bean 'org.springframework.boot.autoconfigure.task.TaskExecutorConfigurations$TaskExecutorConfiguration'
2025-07-21T18:50:44.336+07:00 DEBUG 19904 --- [store-system] [           main] o.s.b.f.s.DefaultListableBeanFactory     : Creating shared instance of singleton bean 'org.springframework.boot.autoconfigure.task.TaskExecutionAutoConfiguration'
2025-07-21T18:50:44.336+07:00 DEBUG 19904 --- [store-system] [           main] o.s.b.f.s.DefaultListableBeanFactory     : Creating shared instance of singleton bean 'org.springframework.boot.autoconfigure.web.servlet.error.ErrorMvcAutoConfiguration$WhitelabelErrorViewConfiguration'
2025-07-21T18:50:44.338+07:00 DEBUG 19904 --- [store-system] [           main] o.s.b.f.s.DefaultListableBeanFactory     : Creating shared instance of singleton bean 'error'
2025-07-21T18:50:44.340+07:00 DEBUG 19904 --- [store-system] [           main] o.s.b.f.s.DefaultListableBeanFactory     : Creating shared instance of singleton bean 'beanNameViewResolver'
2025-07-21T18:50:44.343+07:00 DEBUG 19904 --- [store-system] [           main] o.s.b.f.s.DefaultListableBeanFactory     : Creating shared instance of singleton bean 'org.springframework.boot.autoconfigure.web.servlet.error.ErrorMvcAutoConfiguration$DefaultErrorViewResolverConfiguration'
2025-07-21T18:50:44.344+07:00 DEBUG 19904 --- [store-system] [           main] o.s.b.f.s.DefaultListableBeanFactory     : Creating shared instance of singleton bean 'spring.web-org.springframework.boot.autoconfigure.web.WebProperties'
2025-07-21T18:50:44.351+07:00 DEBUG 19904 --- [store-system] [           main] o.s.b.f.s.DefaultListableBeanFactory     : Autowiring by type from bean name 'org.springframework.boot.autoconfigure.web.servlet.error.ErrorMvcAutoConfiguration$DefaultErrorViewResolverConfiguration' via constructor to bean named 'org.springframework.web.context.support.GenericWebApplicationContext@71ea1fda'
2025-07-21T18:50:44.351+07:00 DEBUG 19904 --- [store-system] [           main] o.s.b.f.s.DefaultListableBeanFactory     : Autowiring by type from bean name 'org.springframework.boot.autoconfigure.web.servlet.error.ErrorMvcAutoConfiguration$DefaultErrorViewResolverConfiguration' via constructor to bean named 'spring.web-org.springframework.boot.autoconfigure.web.WebProperties'
2025-07-21T18:50:44.352+07:00 DEBUG 19904 --- [store-system] [           main] o.s.b.f.s.DefaultListableBeanFactory     : Creating shared instance of singleton bean 'conventionErrorViewResolver'
2025-07-21T18:50:44.356+07:00 DEBUG 19904 --- [store-system] [           main] o.s.b.f.s.DefaultListableBeanFactory     : Creating shared instance of singleton bean 'errorAttributes'
2025-07-21T18:50:44.356+07:00 DEBUG 19904 --- [store-system] [           main] o.s.b.f.s.DefaultListableBeanFactory     : Creating shared instance of singleton bean 'basicErrorController'
2025-07-21T18:50:44.356+07:00 DEBUG 19904 --- [store-system] [           main] o.s.b.f.s.DefaultListableBeanFactory     : Autowiring by type from bean name 'basicErrorController' via factory method to bean named 'errorAttributes'
2025-07-21T18:50:44.356+07:00 DEBUG 19904 --- [store-system] [           main] o.s.b.f.s.DefaultListableBeanFactory     : Creating shared instance of singleton bean 'org.springframework.boot.autoconfigure.web.servlet.WebMvcAutoConfiguration$EnableWebMvcConfiguration'
2025-07-21T18:50:44.356+07:00 DEBUG 19904 --- [store-system] [           main] o.s.b.f.s.DefaultListableBeanFactory     : Autowiring by type from bean name 'org.springframework.boot.autoconfigure.web.servlet.WebMvcAutoConfiguration$EnableWebMvcConfiguration' via constructor to bean named 'spring.mvc-org.springframework.boot.autoconfigure.web.servlet.WebMvcProperties'
2025-07-21T18:50:44.356+07:00 DEBUG 19904 --- [store-system] [           main] o.s.b.f.s.DefaultListableBeanFactory     : Autowiring by type from bean name 'org.springframework.boot.autoconfigure.web.servlet.WebMvcAutoConfiguration$EnableWebMvcConfiguration' via constructor to bean named 'spring.web-org.springframework.boot.autoconfigure.web.WebProperties'
2025-07-21T18:50:44.356+07:00 DEBUG 19904 --- [store-system] [           main] o.s.b.f.s.DefaultListableBeanFactory     : Autowiring by type from bean name 'org.springframework.boot.autoconfigure.web.servlet.WebMvcAutoConfiguration$EnableWebMvcConfiguration' via constructor to bean named 'org.springframework.beans.factory.support.DefaultListableBeanFactory@7a55f148'
2025-07-21T18:50:44.374+07:00 DEBUG 19904 --- [store-system] [           main] o.s.b.f.s.DefaultListableBeanFactory     : Creating shared instance of singleton bean 'org.springframework.boot.autoconfigure.web.servlet.WebMvcAutoConfiguration$WebMvcAutoConfigurationAdapter'
2025-07-21T18:50:44.374+07:00 DEBUG 19904 --- [store-system] [           main] o.s.b.f.s.DefaultListableBeanFactory     : Autowiring by type from bean name 'org.springframework.boot.autoconfigure.web.servlet.WebMvcAutoConfiguration$WebMvcAutoConfigurationAdapter' via constructor to bean named 'spring.web-org.springframework.boot.autoconfigure.web.WebProperties'
2025-07-21T18:50:44.374+07:00 DEBUG 19904 --- [store-system] [           main] o.s.b.f.s.DefaultListableBeanFactory     : Autowiring by type from bean name 'org.springframework.boot.autoconfigure.web.servlet.WebMvcAutoConfiguration$WebMvcAutoConfigurationAdapter' via constructor to bean named 'spring.mvc-org.springframework.boot.autoconfigure.web.servlet.WebMvcProperties'
2025-07-21T18:50:44.374+07:00 DEBUG 19904 --- [store-system] [           main] o.s.b.f.s.DefaultListableBeanFactory     : Autowiring by type from bean name 'org.springframework.boot.autoconfigure.web.servlet.WebMvcAutoConfiguration$WebMvcAutoConfigurationAdapter' via constructor to bean named 'org.springframework.beans.factory.support.DefaultListableBeanFactory@7a55f148'
2025-07-21T18:50:44.374+07:00 DEBUG 19904 --- [store-system] [           main] o.s.b.f.s.DefaultListableBeanFactory     : Creating shared instance of singleton bean 'org.springframework.data.web.config.SpringDataWebConfiguration'
2025-07-21T18:50:44.374+07:00 DEBUG 19904 --- [store-system] [           main] o.s.b.f.s.DefaultListableBeanFactory     : Autowiring by type from bean name 'org.springframework.data.web.config.SpringDataWebConfiguration' via constructor to bean named 'org.springframework.web.context.support.GenericWebApplicationContext@71ea1fda'
2025-07-21T18:50:44.388+07:00 DEBUG 19904 --- [store-system] [           main] o.s.b.f.s.DefaultListableBeanFactory     : Creating shared instance of singleton bean 'welcomePageHandlerMapping'
2025-07-21T18:50:44.388+07:00 DEBUG 19904 --- [store-system] [           main] o.s.b.f.s.DefaultListableBeanFactory     : Creating shared instance of singleton bean 'mvcConversionService'
2025-07-21T18:50:44.404+07:00 DEBUG 19904 --- [store-system] [           main] o.s.b.f.s.DefaultListableBeanFactory     : Creating shared instance of singleton bean 'mvcResourceUrlProvider'
2025-07-21T18:50:44.404+07:00 DEBUG 19904 --- [store-system] [           main] o.s.b.f.s.DefaultListableBeanFactory     : Autowiring by type from bean name 'welcomePageHandlerMapping' via factory method to bean named 'org.springframework.web.context.support.GenericWebApplicationContext@71ea1fda'
2025-07-21T18:50:44.404+07:00 DEBUG 19904 --- [store-system] [           main] o.s.b.f.s.DefaultListableBeanFactory     : Autowiring by type from bean name 'welcomePageHandlerMapping' via factory method to bean named 'mvcConversionService'
2025-07-21T18:50:44.404+07:00 DEBUG 19904 --- [store-system] [           main] o.s.b.f.s.DefaultListableBeanFactory     : Autowiring by type from bean name 'welcomePageHandlerMapping' via factory method to bean named 'mvcResourceUrlProvider'
2025-07-21T18:50:44.457+07:00 DEBUG 19904 --- [store-system] [           main] o.s.b.f.s.DefaultListableBeanFactory     : Creating shared instance of singleton bean 'welcomePageNotAcceptableHandlerMapping'
2025-07-21T18:50:44.457+07:00 DEBUG 19904 --- [store-system] [           main] o.s.b.f.s.DefaultListableBeanFactory     : Autowiring by type from bean name 'welcomePageNotAcceptableHandlerMapping' via factory method to bean named 'org.springframework.web.context.support.GenericWebApplicationContext@71ea1fda'
2025-07-21T18:50:44.457+07:00 DEBUG 19904 --- [store-system] [           main] o.s.b.f.s.DefaultListableBeanFactory     : Autowiring by type from bean name 'welcomePageNotAcceptableHandlerMapping' via factory method to bean named 'mvcConversionService'
2025-07-21T18:50:44.457+07:00 DEBUG 19904 --- [store-system] [           main] o.s.b.f.s.DefaultListableBeanFactory     : Autowiring by type from bean name 'welcomePageNotAcceptableHandlerMapping' via factory method to bean named 'mvcResourceUrlProvider'
2025-07-21T18:50:44.464+07:00 DEBUG 19904 --- [store-system] [           main] o.s.b.f.s.DefaultListableBeanFactory     : Creating shared instance of singleton bean 'localeResolver'
2025-07-21T18:50:44.467+07:00 DEBUG 19904 --- [store-system] [           main] o.s.b.f.s.DefaultListableBeanFactory     : Creating shared instance of singleton bean 'themeResolver'
2025-07-21T18:50:44.472+07:00 DEBUG 19904 --- [store-system] [           main] o.s.b.f.s.DefaultListableBeanFactory     : Creating shared instance of singleton bean 'flashMapManager'
2025-07-21T18:50:44.479+07:00 DEBUG 19904 --- [store-system] [           main] o.s.b.f.s.DefaultListableBeanFactory     : Creating shared instance of singleton bean 'mvcValidator'
2025-07-21T18:50:44.482+07:00 DEBUG 19904 --- [store-system] [           main] o.s.b.f.s.DefaultListableBeanFactory     : Creating shared instance of singleton bean 'mvcContentNegotiationManager'
2025-07-21T18:50:44.488+07:00 DEBUG 19904 --- [store-system] [           main] o.s.b.f.s.DefaultListableBeanFactory     : Creating shared instance of singleton bean 'requestMappingHandlerMapping'
2025-07-21T18:50:44.488+07:00 DEBUG 19904 --- [store-system] [           main] o.s.b.f.s.DefaultListableBeanFactory     : Autowiring by type from bean name 'requestMappingHandlerMapping' via factory method to bean named 'mvcContentNegotiationManager'
2025-07-21T18:50:44.488+07:00 DEBUG 19904 --- [store-system] [           main] o.s.b.f.s.DefaultListableBeanFactory     : Autowiring by type from bean name 'requestMappingHandlerMapping' via factory method to bean named 'mvcConversionService'
2025-07-21T18:50:44.488+07:00 DEBUG 19904 --- [store-system] [           main] o.s.b.f.s.DefaultListableBeanFactory     : Autowiring by type from bean name 'requestMappingHandlerMapping' via factory method to bean named 'mvcResourceUrlProvider'
2025-07-21T18:50:44.606+07:00 DEBUG 19904 --- [store-system] [           main] s.w.s.m.m.a.RequestMappingHandlerMapping : 72 mappings in 'requestMappingHandlerMapping'
2025-07-21T18:50:44.614+07:00 DEBUG 19904 --- [store-system] [           main] o.s.b.f.s.DefaultListableBeanFactory     : Creating shared instance of singleton bean 'mvcPatternParser'
2025-07-21T18:50:44.614+07:00 DEBUG 19904 --- [store-system] [           main] o.s.b.f.s.DefaultListableBeanFactory     : Creating shared instance of singleton bean 'mvcUrlPathHelper'
2025-07-21T18:50:44.617+07:00 DEBUG 19904 --- [store-system] [           main] o.s.b.f.s.DefaultListableBeanFactory     : Creating shared instance of singleton bean 'mvcPathMatcher'
2025-07-21T18:50:44.619+07:00 DEBUG 19904 --- [store-system] [           main] o.s.b.f.s.DefaultListableBeanFactory     : Creating shared instance of singleton bean 'viewControllerHandlerMapping'
2025-07-21T18:50:44.619+07:00 DEBUG 19904 --- [store-system] [           main] o.s.b.f.s.DefaultListableBeanFactory     : Autowiring by type from bean name 'viewControllerHandlerMapping' via factory method to bean named 'mvcConversionService'
2025-07-21T18:50:44.619+07:00 DEBUG 19904 --- [store-system] [           main] o.s.b.f.s.DefaultListableBeanFactory     : Autowiring by type from bean name 'viewControllerHandlerMapping' via factory method to bean named 'mvcResourceUrlProvider'
2025-07-21T18:50:44.619+07:00 DEBUG 19904 --- [store-system] [           main] o.s.b.f.s.DefaultListableBeanFactory     : Creating shared instance of singleton bean 'beanNameHandlerMapping'
2025-07-21T18:50:44.619+07:00 DEBUG 19904 --- [store-system] [           main] o.s.b.f.s.DefaultListableBeanFactory     : Autowiring by type from bean name 'beanNameHandlerMapping' via factory method to bean named 'mvcConversionService'
2025-07-21T18:50:44.619+07:00 DEBUG 19904 --- [store-system] [           main] o.s.b.f.s.DefaultListableBeanFactory     : Autowiring by type from bean name 'beanNameHandlerMapping' via factory method to bean named 'mvcResourceUrlProvider'
2025-07-21T18:50:44.624+07:00 DEBUG 19904 --- [store-system] [           main] o.s.b.f.s.DefaultListableBeanFactory     : Creating shared instance of singleton bean 'routerFunctionMapping'
2025-07-21T18:50:44.624+07:00 DEBUG 19904 --- [store-system] [           main] o.s.b.f.s.DefaultListableBeanFactory     : Autowiring by type from bean name 'routerFunctionMapping' via factory method to bean named 'mvcConversionService'
2025-07-21T18:50:44.627+07:00 DEBUG 19904 --- [store-system] [           main] o.s.b.f.s.DefaultListableBeanFactory     : Autowiring by type from bean name 'routerFunctionMapping' via factory method to bean named 'mvcResourceUrlProvider'
2025-07-21T18:50:44.627+07:00 DEBUG 19904 --- [store-system] [           main] o.s.b.f.s.DefaultListableBeanFactory     : Creating shared instance of singleton bean 'messageConverters'
2025-07-21T18:50:44.627+07:00 DEBUG 19904 --- [store-system] [           main] o.s.b.f.s.DefaultListableBeanFactory     : Creating shared instance of singleton bean 'org.springframework.boot.autoconfigure.http.HttpMessageConvertersAutoConfiguration'
2025-07-21T18:50:44.632+07:00 DEBUG 19904 --- [store-system] [           main] o.s.b.f.s.DefaultListableBeanFactory     : Creating shared instance of singleton bean 'stringHttpMessageConverter'
2025-07-21T18:50:44.634+07:00 DEBUG 19904 --- [store-system] [           main] o.s.b.f.s.DefaultListableBeanFactory     : Creating shared instance of singleton bean 'org.springframework.boot.autoconfigure.http.HttpMessageConvertersAutoConfiguration$StringHttpMessageConverterConfiguration'
2025-07-21T18:50:44.634+07:00 DEBUG 19904 --- [store-system] [           main] o.s.b.f.s.DefaultListableBeanFactory     : Autowiring by type from bean name 'stringHttpMessageConverter' via factory method to bean named 'environment'
2025-07-21T18:50:44.635+07:00 DEBUG 19904 --- [store-system] [           main] o.s.b.f.s.DefaultListableBeanFactory     : Creating shared instance of singleton bean 'mappingJackson2HttpMessageConverter'
2025-07-21T18:50:44.635+07:00 DEBUG 19904 --- [store-system] [           main] o.s.b.f.s.DefaultListableBeanFactory     : Creating shared instance of singleton bean 'org.springframework.boot.autoconfigure.http.JacksonHttpMessageConvertersConfiguration$MappingJackson2HttpMessageConverterConfiguration'
2025-07-21T18:50:44.635+07:00 DEBUG 19904 --- [store-system] [           main] o.s.b.f.s.DefaultListableBeanFactory     : Creating shared instance of singleton bean 'jacksonObjectMapper'
2025-07-21T18:50:44.643+07:00 DEBUG 19904 --- [store-system] [           main] o.s.b.f.s.DefaultListableBeanFactory     : Creating shared instance of singleton bean 'org.springframework.boot.autoconfigure.jackson.JacksonAutoConfiguration$JacksonObjectMapperConfiguration'
2025-07-21T18:50:44.643+07:00 DEBUG 19904 --- [store-system] [           main] o.s.b.f.s.DefaultListableBeanFactory     : Creating shared instance of singleton bean 'org.springframework.boot.autoconfigure.jackson.JacksonAutoConfiguration$JacksonObjectMapperBuilderConfiguration'
2025-07-21T18:50:44.643+07:00 DEBUG 19904 --- [store-system] [           main] o.s.b.f.s.DefaultListableBeanFactory     : Creating shared instance of singleton bean 'standardJacksonObjectMapperBuilderCustomizer'
2025-07-21T18:50:44.643+07:00 DEBUG 19904 --- [store-system] [           main] o.s.b.f.s.DefaultListableBeanFactory     : Creating shared instance of singleton bean 'org.springframework.boot.autoconfigure.jackson.JacksonAutoConfiguration$Jackson2ObjectMapperBuilderCustomizerConfiguration'
2025-07-21T18:50:44.643+07:00 DEBUG 19904 --- [store-system] [           main] o.s.b.f.s.DefaultListableBeanFactory     : Creating shared instance of singleton bean 'spring.jackson-org.springframework.boot.autoconfigure.jackson.JacksonProperties'
2025-07-21T18:50:44.652+07:00 DEBUG 19904 --- [store-system] [           main] o.s.b.f.s.DefaultListableBeanFactory     : Autowiring by type from bean name 'standardJacksonObjectMapperBuilderCustomizer' via factory method to bean named 'spring.jackson-org.springframework.boot.autoconfigure.jackson.JacksonProperties'
2025-07-21T18:50:44.652+07:00 DEBUG 19904 --- [store-system] [           main] o.s.b.f.s.DefaultListableBeanFactory     : Creating shared instance of singleton bean 'parameterNamesModule'
2025-07-21T18:50:44.652+07:00 DEBUG 19904 --- [store-system] [           main] o.s.b.f.s.DefaultListableBeanFactory     : Creating shared instance of singleton bean 'org.springframework.boot.autoconfigure.jackson.JacksonAutoConfiguration$ParameterNamesModuleConfiguration'
2025-07-21T18:50:44.652+07:00 DEBUG 19904 --- [store-system] [           main] o.s.b.f.s.DefaultListableBeanFactory     : Creating shared instance of singleton bean 'jsonMixinModule'
2025-07-21T18:50:44.652+07:00 DEBUG 19904 --- [store-system] [           main] o.s.b.f.s.DefaultListableBeanFactory     : Creating shared instance of singleton bean 'org.springframework.boot.autoconfigure.jackson.JacksonAutoConfiguration$JacksonMixinConfiguration'
2025-07-21T18:50:44.652+07:00 DEBUG 19904 --- [store-system] [           main] o.s.b.f.s.DefaultListableBeanFactory     : Creating shared instance of singleton bean 'jsonMixinModuleEntries'
2025-07-21T18:50:44.652+07:00 DEBUG 19904 --- [store-system] [           main] o.s.b.f.s.DefaultListableBeanFactory     : Autowiring by type from bean name 'jsonMixinModuleEntries' via factory method to bean named 'org.springframework.web.context.support.GenericWebApplicationContext@71ea1fda'
2025-07-21T18:50:44.679+07:00 DEBUG 19904 --- [store-system] [           main] o.s.b.f.s.DefaultListableBeanFactory     : Autowiring by type from bean name 'jsonMixinModule' via factory method to bean named 'org.springframework.web.context.support.GenericWebApplicationContext@71ea1fda'
2025-07-21T18:50:44.679+07:00 DEBUG 19904 --- [store-system] [           main] o.s.b.f.s.DefaultListableBeanFactory     : Autowiring by type from bean name 'jsonMixinModule' via factory method to bean named 'jsonMixinModuleEntries'
2025-07-21T18:50:44.686+07:00 DEBUG 19904 --- [store-system] [           main] o.s.b.f.s.DefaultListableBeanFactory     : Creating shared instance of singleton bean 'jsonComponentModule'
2025-07-21T18:50:44.686+07:00 DEBUG 19904 --- [store-system] [           main] o.s.b.f.s.DefaultListableBeanFactory     : Creating shared instance of singleton bean 'org.springframework.boot.autoconfigure.jackson.JacksonAutoConfiguration'
2025-07-21T18:50:44.690+07:00 DEBUG 19904 --- [store-system] [           main] o.s.b.f.s.DefaultListableBeanFactory     : Creating shared instance of singleton bean 'jacksonGeoModule'
2025-07-21T18:50:44.692+07:00 DEBUG 19904 --- [store-system] [           main] o.s.b.f.s.DefaultListableBeanFactory     : Creating shared instance of singleton bean 'org.springframework.data.web.config.SpringDataJacksonConfiguration'
2025-07-21T18:50:44.697+07:00 DEBUG 19904 --- [store-system] [           main] o.s.b.f.s.DefaultListableBeanFactory     : Creating shared instance of singleton bean 'org.springframework.data.web.config.SpringDataWebSettings'
2025-07-21T18:50:44.703+07:00 DEBUG 19904 --- [store-system] [           main] o.s.b.f.s.DefaultListableBeanFactory     : Creating shared instance of singleton bean 'pageModule'
2025-07-21T18:50:44.703+07:00 DEBUG 19904 --- [store-system] [           main] o.s.b.f.s.DefaultListableBeanFactory     : Autowiring by type from bean name 'jacksonObjectMapperBuilder' via factory method to bean named 'org.springframework.web.context.support.GenericWebApplicationContext@71ea1fda'
2025-07-21T18:50:44.703+07:00 DEBUG 19904 --- [store-system] [           main] o.s.b.f.s.DefaultListableBeanFactory     : Autowiring by type from bean name 'jacksonObjectMapperBuilder' via factory method to bean named 'standardJacksonObjectMapperBuilderCustomizer'
2025-07-21T18:50:44.719+07:00 DEBUG 19904 --- [store-system] [           main] o.s.b.f.s.DefaultListableBeanFactory     : Autowiring by type from bean name 'jacksonObjectMapper' via factory method to bean named 'jacksonObjectMapperBuilder'
2025-07-21T18:50:44.739+07:00 DEBUG 19904 --- [store-system] [           main] o.s.b.f.s.DefaultListableBeanFactory     : Autowiring by type from bean name 'mappingJackson2HttpMessageConverter' via factory method to bean named 'jacksonObjectMapper'
2025-07-21T18:50:44.833+07:00 DEBUG 19904 --- [store-system] [           main] o.s.b.f.s.DefaultListableBeanFactory     : Creating shared instance of singleton bean 'resourceHandlerMapping'
2025-07-21T18:50:44.834+07:00 DEBUG 19904 --- [store-system] [           main] o.s.b.f.s.DefaultListableBeanFactory     : Autowiring by type from bean name 'resourceHandlerMapping' via factory method to bean named 'mvcContentNegotiationManager'
2025-07-21T18:50:44.834+07:00 DEBUG 19904 --- [store-system] [           main] o.s.b.f.s.DefaultListableBeanFactory     : Autowiring by type from bean name 'resourceHandlerMapping' via factory method to bean named 'mvcConversionService'
2025-07-21T18:50:44.834+07:00 DEBUG 19904 --- [store-system] [           main] o.s.b.f.s.DefaultListableBeanFactory     : Autowiring by type from bean name 'resourceHandlerMapping' via factory method to bean named 'mvcResourceUrlProvider'
2025-07-21T18:50:44.850+07:00 DEBUG 19904 --- [store-system] [           main] o.s.w.s.handler.SimpleUrlHandlerMapping  : Patterns [/webjars/**, /**] in 'resourceHandlerMapping'
2025-07-21T18:50:44.851+07:00 DEBUG 19904 --- [store-system] [           main] o.s.b.f.s.DefaultListableBeanFactory     : Creating shared instance of singleton bean 'defaultServletHandlerMapping'
2025-07-21T18:50:44.851+07:00 DEBUG 19904 --- [store-system] [           main] o.s.b.f.s.DefaultListableBeanFactory     : Creating shared instance of singleton bean 'requestMappingHandlerAdapter'
2025-07-21T18:50:44.851+07:00 DEBUG 19904 --- [store-system] [           main] o.s.b.f.s.DefaultListableBeanFactory     : Autowiring by type from bean name 'requestMappingHandlerAdapter' via factory method to bean named 'mvcContentNegotiationManager'
2025-07-21T18:50:44.851+07:00 DEBUG 19904 --- [store-system] [           main] o.s.b.f.s.DefaultListableBeanFactory     : Autowiring by type from bean name 'requestMappingHandlerAdapter' via factory method to bean named 'mvcConversionService'
2025-07-21T18:50:44.851+07:00 DEBUG 19904 --- [store-system] [           main] o.s.b.f.s.DefaultListableBeanFactory     : Autowiring by type from bean name 'requestMappingHandlerAdapter' via factory method to bean named 'mvcValidator'
2025-07-21T18:50:44.867+07:00 DEBUG 19904 --- [store-system] [           main] o.s.b.f.s.DefaultListableBeanFactory     : Creating shared instance of singleton bean 'sortResolver'
2025-07-21T18:50:44.867+07:00 DEBUG 19904 --- [store-system] [           main] o.s.b.f.s.DefaultListableBeanFactory     : Creating shared instance of singleton bean 'sortCustomizer'
2025-07-21T18:50:44.867+07:00 DEBUG 19904 --- [store-system] [           main] o.s.b.f.s.DefaultListableBeanFactory     : Creating shared instance of singleton bean 'org.springframework.boot.autoconfigure.data.web.SpringDataWebAutoConfiguration'
2025-07-21T18:50:44.867+07:00 DEBUG 19904 --- [store-system] [           main] o.s.b.f.s.DefaultListableBeanFactory     : Creating shared instance of singleton bean 'spring.data.web-org.springframework.boot.autoconfigure.data.web.SpringDataWebProperties'
2025-07-21T18:50:44.876+07:00 DEBUG 19904 --- [store-system] [           main] o.s.b.f.s.DefaultListableBeanFactory     : Autowiring by type from bean name 'org.springframework.boot.autoconfigure.data.web.SpringDataWebAutoConfiguration' via constructor to bean named 'spring.data.web-org.springframework.boot.autoconfigure.data.web.SpringDataWebProperties'
2025-07-21T18:50:44.876+07:00 DEBUG 19904 --- [store-system] [           main] o.s.b.f.s.DefaultListableBeanFactory     : Creating shared instance of singleton bean 'pageableResolver'
2025-07-21T18:50:44.884+07:00 DEBUG 19904 --- [store-system] [           main] o.s.b.f.s.DefaultListableBeanFactory     : Creating shared instance of singleton bean 'pageableCustomizer'
2025-07-21T18:50:44.892+07:00 DEBUG 19904 --- [store-system] [           main] o.s.b.f.s.DefaultListableBeanFactory     : Creating shared instance of singleton bean 'applicationTaskExecutor'
2025-07-21T18:50:44.894+07:00 DEBUG 19904 --- [store-system] [           main] o.s.b.f.s.DefaultListableBeanFactory     : Autowiring by type from bean name 'applicationTaskExecutor' via factory method to bean named 'taskExecutorBuilder'
[...]

   RSocketRequesterAutoConfiguration:
      Did not match:
         - @ConditionalOnClass did not find required class 'io.rsocket.RSocket' (OnClassCondition)

   RSocketSecurityAutoConfiguration:
      Did not match:
         - @ConditionalOnClass did not find required class 'org.springframework.security.rsocket.core.SecuritySocketAcceptorInterceptor' (OnClassCondition)

   RSocketServerAutoConfiguration:
      Did not match:
         - @ConditionalOnClass did not find required class 'io.rsocket.core.RSocketServer' (OnClassCondition)

   RSocketStrategiesAutoConfiguration:
      Did not match:
         - @ConditionalOnClass did not find required class 'io.netty.buffer.PooledByteBufAllocator' (OnClassCondition)

   RabbitAutoConfiguration:
      Did not match:
         - @ConditionalOnClass did not find required class 'com.rabbitmq.client.Channel' (OnClassCondition)

   ReactiveElasticsearchClientAutoConfiguration:
      Did not match:
         - @ConditionalOnClass did not find required class 'co.elastic.clients.transport.ElasticsearchTransport' (OnClassCondition)

   ReactiveElasticsearchRepositoriesAutoConfiguration:
      Did not match:
         - @ConditionalOnClass did not find required class 'org.springframework.data.elasticsearch.client.elc.ReactiveElasticsearchClient' (OnClassCondition)

   ReactiveMultipartAutoConfiguration:
      Did not match:
         - @ConditionalOnClass did not find required class 'org.springframework.web.reactive.config.WebFluxConfigurer' (OnClassCondition)

   ReactiveOAuth2ClientAutoConfiguration:
      Did not match:
         - @ConditionalOnClass did not find required class 'reactor.core.publisher.Flux' (OnClassCondition)

   ReactiveOAuth2ResourceServerAutoConfiguration:
      Did not match:
         - @ConditionalOnClass did not find required class 'org.springframework.security.config.annotation.web.reactive.EnableWebFluxSecurity' (OnClassCondition)

   ReactiveSecurityAutoConfiguration:
      Did not match:
         - @ConditionalOnClass did not find required class 'reactor.core.publisher.Flux' (OnClassCondition)

   ReactiveUserDetailsServiceAutoConfiguration:
      Did not match:
         - @ConditionalOnClass did not find required class 'org.springframework.security.authentication.ReactiveAuthenticationManager' (OnClassCondition)

   ReactiveWebServerFactoryAutoConfiguration:
      Did not match:
         - @ConditionalOnWebApplication did not find reactive web application classes (OnWebApplicationCondition)

   ReactorAutoConfiguration:
      Did not match:
         - @ConditionalOnClass did not find required class 'reactor.core.publisher.Hooks' (OnClassCondition)

   RedisAutoConfiguration:
      Did not match:
         - @ConditionalOnClass did not find required class 'org.springframework.data.redis.core.RedisOperations' (OnClassCondition)

   RedisCacheConfiguration:
      Did not match:
         - @ConditionalOnClass did not find required class 'org.springframework.data.redis.connection.RedisConnectionFactory' (OnClassCondition)

   RedisReactiveAutoConfiguration:
      Did not match:
         - @ConditionalOnClass did not find required class 'reactor.core.publisher.Flux' (OnClassCondition)

   RedisRepositoriesAutoConfiguration:
      Did not match:
         - @ConditionalOnClass did not find required class 'org.springframework.data.redis.repository.configuration.EnableRedisRepositories' (OnClassCondition)

   RemoteDevToolsAutoConfiguration:
      Did not match:
         - @ConditionalOnProperty (spring.devtools.remote.secret) did not find property 'secret' (OnPropertyCondition)
      Matched:
         - @ConditionalOnClass found required classes 'jakarta.servlet.Filter', 'org.springframework.http.server.ServerHttpRequest' (OnClassCondition)

   RepositoryRestMvcAutoConfiguration:
      Did not match:
         - @ConditionalOnClass did not find required class 'org.springframework.data.rest.webmvc.config.RepositoryRestMvcConfiguration' (OnClassCondition)

   Saml2RelyingPartyAutoConfiguration:
      Did not match:
         - @ConditionalOnClass did not find required class 'org.springframework.security.saml2.provider.service.registration.RelyingPartyRegistrationRepository' (OnClassCondition)

   SecurityAutoConfiguration:
      Did not match:
         - @ConditionalOnClass did not find required class 'org.springframework.security.authentication.DefaultAuthenticationEventPublisher' (OnClassCondition)

   SecurityFilterAutoConfiguration:
      Did not match:
         - @ConditionalOnClass did not find required class 'org.springframework.security.config.http.SessionCreationPolicy' (OnClassCondition)

   SendGridAutoConfiguration:
      Did not match:
         - @ConditionalOnClass did not find required class 'com.sendgrid.SendGrid' (OnClassCondition)

   ServletWebServerFactoryAutoConfiguration.ForwardedHeaderFilterConfiguration:
      Did not match:
         - @ConditionalOnProperty (server.forward-headers-strategy=framework) did not find property 'server.forward-headers-strategy' (OnPropertyCondition)

   ServletWebServerFactoryConfiguration.EmbeddedJetty:
      Did not match:
         - @ConditionalOnClass did not find required classes 'org.eclipse.jetty.server.Server', 'org.eclipse.jetty.util.Loader', 'org.eclipse.jetty.ee10.webapp.WebAppContext' (OnClassCondition)

   ServletWebServerFactoryConfiguration.EmbeddedUndertow:
      Did not match:
         - @ConditionalOnClass did not find required classes 'io.undertow.Undertow', 'org.xnio.SslClientAuthMode' (OnClassCondition)

   SessionAutoConfiguration:
      Did not match:
         - @ConditionalOnClass did not find required class 'org.springframework.session.Session' (OnClassCondition)

   SpringApplicationAdminJmxAutoConfiguration:
      Did not match:
         - @ConditionalOnProperty (spring.application.admin.enabled=true) did not find property 'enabled' (OnPropertyCondition)

   TaskExecutorConfigurations.SimpleAsyncTaskExecutorBuilderConfiguration#simpleAsyncTaskExecutorBuilderVirtualThreads:
      Did not match:
         - @ConditionalOnMissingBean (types: org.springframework.boot.task.SimpleAsyncTaskExecutorBuilder; SearchStrategy: all) found beans of type 'org.springframework.boot.task.SimpleAsyncTaskExecutorBuilder' simpleAsyncTaskExecutorBuilder (OnBeanCondition)

   TaskExecutorConfigurations.TaskExecutorConfiguration#applicationTaskExecutorVirtualThreads:
      Did not match:
         - @ConditionalOnThreading did not find VIRTUAL (OnThreadingCondition)

   TaskSchedulingConfigurations.SimpleAsyncTaskSchedulerBuilderConfiguration#simpleAsyncTaskSchedulerBuilderVirtualThreads:
      Did not match:
         - @ConditionalOnMissingBean (types: org.springframework.boot.task.SimpleAsyncTaskSchedulerBuilder; SearchStrategy: all) found beans of type 'org.springframework.boot.task.SimpleAsyncTaskSchedulerBuilder' simpleAsyncTaskSchedulerBuilder (OnBeanCondition)

   TaskSchedulingConfigurations.TaskSchedulerConfiguration#taskSchedulerVirtualThreads:
      Did not match:
         - @ConditionalOnThreading did not find VIRTUAL (OnThreadingCondition)

   ThymeleafAutoConfiguration:
      Did not match:
         - @ConditionalOnClass did not find required class 'org.thymeleaf.spring6.SpringTemplateEngine' (OnClassCondition)

   TransactionAutoConfiguration#transactionalOperator:
      Did not match:
         - @ConditionalOnSingleCandidate (types: org.springframework.transaction.ReactiveTransactionManager; SearchStrategy: all) did not find any beans (OnBeanCondition)

   TransactionAutoConfiguration.AspectJTransactionManagementConfiguration:
      Did not match:
         - @ConditionalOnBean did not find required type 'org.springframework.transaction.aspectj.AbstractTransactionAspect' (OnBeanCondition)
         - @ConditionalOnBean (types: org.springframework.transaction.aspectj.AbstractTransactionAspect; SearchStrategy: all) did not find any beans of type org.springframework.transaction.aspectj.AbstractTransactionAspect (OnBeanCondition)

   TransactionAutoConfiguration.EnableTransactionManagementConfiguration.JdkDynamicAutoProxyConfiguration:
      Did not match:
         - @ConditionalOnProperty (spring.aop.proxy-target-class=false) did not find property 'proxy-target-class' (OnPropertyCondition)

   UserDetailsServiceAutoConfiguration:
      Did not match:
         - @ConditionalOnClass did not find required class 'org.springframework.security.authentication.AuthenticationManager' (OnClassCondition)

   ValidationAutoConfiguration:
      Did not match:
         - @ConditionalOnClass did not find required class 'jakarta.validation.executable.ExecutableValidator' (OnClassCondition)

   WebClientAutoConfiguration:
      Did not match:
         - @ConditionalOnClass did not find required class 'org.springframework.web.reactive.function.client.WebClient' (OnClassCondition)

   WebFluxAutoConfiguration:
      Did not match:
         - @ConditionalOnClass did not find required class 'org.springframework.web.reactive.config.WebFluxConfigurer' (OnClassCondition)

   WebMvcAutoConfiguration#hiddenHttpMethodFilter:
      Did not match:
         - @ConditionalOnProperty (spring.mvc.hiddenmethod.filter.enabled) did not find property 'enabled' (OnPropertyCondition)

   WebMvcAutoConfiguration.ProblemDetailsErrorHandlingConfiguration:
      Did not match:
         - @ConditionalOnProperty (spring.mvc.problemdetails.enabled=true) did not find property 'enabled' (OnPropertyCondition)

   WebMvcAutoConfiguration.ResourceChainCustomizerConfiguration:
      Did not match:
         - @ConditionalOnEnabledResourceChain did not find class org.webjars.WebJarAssetLocator (OnEnabledResourceChainCondition)

   WebMvcAutoConfiguration.WebMvcAutoConfigurationAdapter#beanNameViewResolver:
      Did not match:
         - @ConditionalOnMissingBean (types: org.springframework.web.servlet.view.BeanNameViewResolver; SearchStrategy: all) found beans of type 'org.springframework.web.servlet.view.BeanNameViewResolver' beanNameViewResolver (OnBeanCondition)

   WebServiceTemplateAutoConfiguration:
      Did not match:
         - @ConditionalOnClass did not find required class 'org.springframework.oxm.Marshaller' (OnClassCondition)

   WebServicesAutoConfiguration:
      Did not match:
         - @ConditionalOnClass did not find required class 'org.springframework.ws.transport.http.MessageDispatcherServlet' (OnClassCondition)

   WebSessionIdResolverAutoConfiguration:
      Did not match:
         - @ConditionalOnClass did not find required class 'reactor.core.publisher.Mono' (OnClassCondition)

   WebSocketMessagingAutoConfiguration:
      Did not match:
         - @ConditionalOnClass did not find required class 'org.springframework.web.socket.config.annotation.WebSocketMessageBrokerConfigurer' (OnClassCondition)

   WebSocketReactiveAutoConfiguration:
      Did not match:
         - @ConditionalOnWebApplication did not find reactive web application classes (OnWebApplicationCondition)

   WebSocketServletAutoConfiguration.JettyWebSocketConfiguration:
      Did not match:
         - @ConditionalOnClass did not find required class 'org.eclipse.jetty.ee10.websocket.jakarta.server.config.JakartaWebSocketServletContainerInitializer' (OnClassCondition)

   WebSocketServletAutoConfiguration.UndertowWebSocketConfiguration:
      Did not match:
         - @ConditionalOnClass did not find required class 'io.undertow.websockets.jsr.Bootstrap' (OnClassCondition)

   XADataSourceAutoConfiguration:
      Did not match:
         - @ConditionalOnBean (types: org.springframework.boot.jdbc.XADataSourceWrapper; SearchStrategy: all) did not find any beans of type org.springframework.boot.jdbc.XADataSourceWrapper (OnBeanCondition)
      Matched:
         - @ConditionalOnClass found required classes 'javax.sql.DataSource', 'jakarta.transaction.TransactionManager', 'org.springframework.jdbc.datasource.embedded.EmbeddedDatabaseType' (OnClassCondition)


Exclusions:
-----------

    None


Unconditional classes:
----------------------

    org.springframework.boot.autoconfigure.context.ConfigurationPropertiesAutoConfiguration

    org.springframework.boot.autoconfigure.ssl.SslAutoConfiguration

    org.springframework.boot.autoconfigure.context.LifecycleAutoConfiguration

    org.springframework.boot.autoconfigure.context.PropertyPlaceholderAutoConfiguration

    org.springframework.boot.autoconfigure.availability.ApplicationAvailabilityAutoConfiguration

    org.springframework.boot.autoconfigure.info.ProjectInfoAutoConfiguration



2025-07-21T18:50:45.537+07:00  INFO 19904 --- [store-system] [           main] t.s.StoreSystemApplicationTests          : Started StoreSystemApplicationTests in 5.703 seconds (process running for 7.671)
2025-07-21T18:50:45.537+07:00 DEBUG 19904 --- [store-system] [           main] o.s.b.a.ApplicationAvailabilityBean      : Application availability state LivenessState changed to CORRECT
2025-07-21T18:50:45.541+07:00 DEBUG 19904 --- [store-system] [           main] o.s.boot.devtools.restart.Restarter      : Creating new Restarter for thread Thread[#1,main,5,main]
2025-07-21T18:50:45.541+07:00 DEBUG 19904 --- [store-system] [           main] o.s.b.a.ApplicationAvailabilityBean      : Application availability state ReadinessState changed to ACCEPTING_TRAFFIC
2025-07-21T18:50:45.549+07:00 DEBUG 19904 --- [store-system] [           main] org.springframework.test.context.cache   : Spring test ApplicationContext cache statistics: [DefaultContextCache@66b31d46 size = 1, maxSize = 32, parentContextCount = 0, hitCount = 0, missCount = 1, failureCount = 0]
2025-07-21T18:50:45.551+07:00 DEBUG 19904 --- [store-system] [           main] o.s.t.c.w.ServletTestExecutionListener   : Setting up MockHttpServletRequest, MockHttpServletResponse, ServletWebRequest, and RequestContextHolder for test class tokoibuelin.storesystem.StoreSystemApplicationTests
2025-07-21T18:50:45.559+07:00 DEBUG 19904 --- [store-system] [   scheduling-1] o.s.jdbc.core.JdbcTemplate               : Executing prepared SQL query
2025-07-21T18:50:45.561+07:00 DEBUG 19904 --- [store-system] [   scheduling-1] o.s.jdbc.core.JdbcTemplate               : Executing prepared SQL statement [SELECT * FROM products WHERE stock <= ? AND (deleted_by IS NULL OR deleted_at IS NULL)]
2025-07-21T18:50:45.561+07:00 DEBUG 19904 --- [store-system] [   scheduling-1] o.s.jdbc.datasource.DataSourceUtils      : Fetching JDBC Connection from DataSource
2025-07-21T18:50:45.574+07:00 DEBUG 19904 --- [store-system] [   scheduling-1] o.s.jdbc.core.JdbcTemplate               : Executing prepared SQL query
2025-07-21T18:50:45.574+07:00 DEBUG 19904 --- [store-system] [           main] DependencyInjectionTestExecutionListener : Performing dependency injection for test class tokoibuelin.storesystem.StoreSystemApplicationTests
2025-07-21T18:50:45.574+07:00 DEBUG 19904 --- [store-system] [   scheduling-1] o.s.jdbc.core.JdbcTemplate               : Executing prepared SQL statement [SELECT COUNT(*) FROM notification WHERE description = ?]
2025-07-21T18:50:45.574+07:00 DEBUG 19904 --- [store-system] [   scheduling-1] o.s.jdbc.datasource.DataSourceUtils      : Fetching JDBC Connection from DataSource
2025-07-21T18:50:45.574+07:00 DEBUG 19904 --- [store-system] [           main] org.springframework.test.context.cache   : Spring test ApplicationContext cache statistics: [DefaultContextCache@66b31d46 size = 1, maxSize = 32, parentContextCount = 0, hitCount = 1, missCount = 1, failureCount = 0]
2025-07-21T18:50:45.578+07:00 DEBUG 19904 --- [store-system] [           main] org.springframework.test.context.cache   : Spring test ApplicationContext cache statistics: [DefaultContextCache@66b31d46 size = 1, maxSize = 32, parentContextCount = 0, hitCount = 2, missCount = 1, failureCount = 0]
Notification already exists for: Stok produk 'Swempes kacang' mencapai batas minimum: 5 pcs
2025-07-21T18:50:45.590+07:00 DEBUG 19904 --- [store-system] [           main] sContextBeforeModesTestExecutionListener : Before test method: class [StoreSystemApplicationTests], method [contextLoads], class annotated with @DirtiesContext [false] with mode [null], method annotated with @DirtiesContext [false] with mode [null]
2025-07-21T18:50:45.594+07:00 DEBUG 19904 --- [store-system] [           main] org.springframework.test.context.cache   : Spring test ApplicationContext cache statistics: [DefaultContextCache@66b31d46 size = 1, maxSize = 32, parentContextCount = 0, hitCount = 3, missCount = 1, failureCount = 0]
2025-07-21T18:50:45.596+07:00 DEBUG 19904 --- [store-system] [           main] org.springframework.test.context.cache   : Spring test ApplicationContext cache statistics: [DefaultContextCache@66b31d46 size = 1, maxSize = 32, parentContextCount = 0, hitCount = 4, missCount = 1, failureCount = 0]
2025-07-21T18:50:47.095+07:00 DEBUG 19904 --- [store-system] [           main] org.springframework.test.context.cache   : Spring test ApplicationContext cache statistics: [DefaultContextCache@66b31d46 size = 1, maxSize = 32, parentContextCount = 0, hitCount = 5, missCount = 1, failureCount = 0]
2025-07-21T18:50:47.107+07:00 DEBUG 19904 --- [store-system] [           main] org.springframework.test.context.cache   : Spring test ApplicationContext cache statistics: [DefaultContextCache@66b31d46 size = 1, maxSize = 32, parentContextCount = 0, hitCount = 6, missCount = 1, failureCount = 0]
2025-07-21T18:50:47.109+07:00 DEBUG 19904 --- [store-system] [           main] org.springframework.test.context.cache   : Spring test ApplicationContext cache statistics: [DefaultContextCache@66b31d46 size = 1, maxSize = 32, parentContextCount = 0, hitCount = 7, missCount = 1, failureCount = 0]
2025-07-21T18:50:47.109+07:00 DEBUG 19904 --- [store-system] [           main] org.springframework.test.context.cache   : Spring test ApplicationContext cache statistics: [DefaultContextCache@66b31d46 size = 1, maxSize = 32, parentContextCount = 0, hitCount = 8, missCount = 1, failureCount = 0]
2025-07-21T18:50:47.109+07:00 DEBUG 19904 --- [store-system] [           main] org.springframework.test.context.cache   : Spring test ApplicationContext cache statistics: [DefaultContextCache@66b31d46 size = 1, maxSize = 32, parentContextCount = 0, hitCount = 9, missCount = 1, failureCount = 0]
2025-07-21T18:50:47.112+07:00 DEBUG 19904 --- [store-system] [           main] org.springframework.test.context.cache   : Spring test ApplicationContext cache statistics: [DefaultContextCache@66b31d46 size = 1, maxSize = 32, parentContextCount = 0, hitCount = 10, missCount = 1, failureCount = 0]
2025-07-21T18:50:47.117+07:00 DEBUG 19904 --- [store-system] [           main] org.springframework.test.context.cache   : Spring test ApplicationContext cache statistics: [DefaultContextCache@66b31d46 size = 1, maxSize = 32, parentContextCount = 0, hitCount = 11, missCount = 1, failureCount = 0]
2025-07-21T18:50:47.117+07:00 DEBUG 19904 --- [store-system] [           main] .c.s.DirtiesContextTestExecutionListener : After test method: class [StoreSystemApplicationTests], method [contextLoads], class annotated with @DirtiesContext [false] with mode [null], method annotated with @DirtiesContext [false] with mode [null]
2025-07-21T18:50:47.117+07:00 DEBUG 19904 --- [store-system] [           main] o.s.t.c.w.ServletTestExecutionListener   : Resetting RequestContextHolder for test class tokoibuelin.storesystem.StoreSystemApplicationTests
]]></system-out>
    <system-err><![CDATA[WARNING: A Java agent has been loaded dynamically (C:\Users\HP\.m2\repository\net\bytebuddy\byte-buddy-agent\1.14.17\byte-buddy-agent-1.14.17.jar)
WARNING: If a serviceability tool is in use, please run with -XX:+EnableDynamicAgentLoading to hide this warning
WARNING: If a serviceability tool is not in use, please run with -Djdk.instrument.traceUsage for more information
WARNING: Dynamic loading of agents will be disallowed by default in a future release
]]></system-err>
  </testcase>
</testsuite>